[2026-01-27T00:28:04.844+0000] {processor.py:161} INFO - Started process (PID=203) to work on /opt/airflow/dags/financial_dag.py
[2026-01-27T00:28:04.845+0000] {processor.py:830} INFO - Processing file /opt/airflow/dags/financial_dag.py for tasks to queue
[2026-01-27T00:28:04.847+0000] {logging_mixin.py:188} INFO - [2026-01-27T00:28:04.846+0000] {dagbag.py:538} INFO - Filling up the DagBag from /opt/airflow/dags/financial_dag.py
[2026-01-27T00:28:04.869+0000] {processor.py:840} INFO - DAG(s) 'financial_final_prod_v6' retrieved from /opt/airflow/dags/financial_dag.py
[2026-01-27T00:28:04.998+0000] {logging_mixin.py:188} INFO - [2026-01-27T00:28:04.998+0000] {dag.py:3036} INFO - Sync 1 DAGs
[2026-01-27T00:28:05.009+0000] {logging_mixin.py:188} INFO - [2026-01-27T00:28:05.008+0000] {dag.py:3823} INFO - Setting next_dagrun for financial_final_prod_v6 to None, run_after=None
[2026-01-27T00:28:05.024+0000] {processor.py:183} INFO - Processing /opt/airflow/dags/financial_dag.py took 0.182 seconds
[2026-01-27T00:28:35.207+0000] {processor.py:161} INFO - Started process (PID=208) to work on /opt/airflow/dags/financial_dag.py
[2026-01-27T00:28:35.208+0000] {processor.py:830} INFO - Processing file /opt/airflow/dags/financial_dag.py for tasks to queue
[2026-01-27T00:28:35.209+0000] {logging_mixin.py:188} INFO - [2026-01-27T00:28:35.209+0000] {dagbag.py:538} INFO - Filling up the DagBag from /opt/airflow/dags/financial_dag.py
[2026-01-27T00:28:35.228+0000] {processor.py:840} INFO - DAG(s) 'financial_final_prod_v6' retrieved from /opt/airflow/dags/financial_dag.py
[2026-01-27T00:28:35.250+0000] {logging_mixin.py:188} INFO - [2026-01-27T00:28:35.250+0000] {dag.py:3036} INFO - Sync 1 DAGs
[2026-01-27T00:28:35.258+0000] {logging_mixin.py:188} INFO - [2026-01-27T00:28:35.258+0000] {dag.py:3823} INFO - Setting next_dagrun for financial_final_prod_v6 to None, run_after=None
[2026-01-27T00:28:35.273+0000] {processor.py:183} INFO - Processing /opt/airflow/dags/financial_dag.py took 0.068 seconds
[2026-01-27T00:29:05.403+0000] {processor.py:161} INFO - Started process (PID=213) to work on /opt/airflow/dags/financial_dag.py
[2026-01-27T00:29:05.403+0000] {processor.py:830} INFO - Processing file /opt/airflow/dags/financial_dag.py for tasks to queue
[2026-01-27T00:29:05.404+0000] {logging_mixin.py:188} INFO - [2026-01-27T00:29:05.404+0000] {dagbag.py:538} INFO - Filling up the DagBag from /opt/airflow/dags/financial_dag.py
[2026-01-27T00:29:05.420+0000] {processor.py:840} INFO - DAG(s) 'financial_final_prod_v6' retrieved from /opt/airflow/dags/financial_dag.py
[2026-01-27T00:29:05.441+0000] {logging_mixin.py:188} INFO - [2026-01-27T00:29:05.441+0000] {dag.py:3036} INFO - Sync 1 DAGs
[2026-01-27T00:29:05.450+0000] {logging_mixin.py:188} INFO - [2026-01-27T00:29:05.450+0000] {dag.py:3823} INFO - Setting next_dagrun for financial_final_prod_v6 to None, run_after=None
[2026-01-27T00:29:05.465+0000] {processor.py:183} INFO - Processing /opt/airflow/dags/financial_dag.py took 0.065 seconds
[2026-01-27T00:29:35.619+0000] {processor.py:161} INFO - Started process (PID=218) to work on /opt/airflow/dags/financial_dag.py
[2026-01-27T00:29:35.621+0000] {processor.py:830} INFO - Processing file /opt/airflow/dags/financial_dag.py for tasks to queue
[2026-01-27T00:29:35.622+0000] {logging_mixin.py:188} INFO - [2026-01-27T00:29:35.622+0000] {dagbag.py:538} INFO - Filling up the DagBag from /opt/airflow/dags/financial_dag.py
[2026-01-27T00:29:35.654+0000] {processor.py:840} INFO - DAG(s) 'financial_final_prod_v6' retrieved from /opt/airflow/dags/financial_dag.py
[2026-01-27T00:29:35.689+0000] {logging_mixin.py:188} INFO - [2026-01-27T00:29:35.689+0000] {dag.py:3036} INFO - Sync 1 DAGs
[2026-01-27T00:29:35.702+0000] {logging_mixin.py:188} INFO - [2026-01-27T00:29:35.702+0000] {dag.py:3823} INFO - Setting next_dagrun for financial_final_prod_v6 to None, run_after=None
[2026-01-27T00:29:35.721+0000] {processor.py:183} INFO - Processing /opt/airflow/dags/financial_dag.py took 0.106 seconds
[2026-01-27T00:30:05.807+0000] {processor.py:161} INFO - Started process (PID=223) to work on /opt/airflow/dags/financial_dag.py
[2026-01-27T00:30:05.808+0000] {processor.py:830} INFO - Processing file /opt/airflow/dags/financial_dag.py for tasks to queue
[2026-01-27T00:30:05.809+0000] {logging_mixin.py:188} INFO - [2026-01-27T00:30:05.809+0000] {dagbag.py:538} INFO - Filling up the DagBag from /opt/airflow/dags/financial_dag.py
[2026-01-27T00:30:05.824+0000] {processor.py:840} INFO - DAG(s) 'financial_final_prod_v6' retrieved from /opt/airflow/dags/financial_dag.py
[2026-01-27T00:30:05.848+0000] {logging_mixin.py:188} INFO - [2026-01-27T00:30:05.847+0000] {dag.py:3036} INFO - Sync 1 DAGs
[2026-01-27T00:30:05.857+0000] {logging_mixin.py:188} INFO - [2026-01-27T00:30:05.857+0000] {dag.py:3823} INFO - Setting next_dagrun for financial_final_prod_v6 to None, run_after=None
[2026-01-27T00:30:05.874+0000] {processor.py:183} INFO - Processing /opt/airflow/dags/financial_dag.py took 0.070 seconds
[2026-01-27T00:30:36.029+0000] {processor.py:161} INFO - Started process (PID=238) to work on /opt/airflow/dags/financial_dag.py
[2026-01-27T00:30:36.030+0000] {processor.py:830} INFO - Processing file /opt/airflow/dags/financial_dag.py for tasks to queue
[2026-01-27T00:30:36.031+0000] {logging_mixin.py:188} INFO - [2026-01-27T00:30:36.030+0000] {dagbag.py:538} INFO - Filling up the DagBag from /opt/airflow/dags/financial_dag.py
[2026-01-27T00:30:36.045+0000] {processor.py:840} INFO - DAG(s) 'financial_final_prod_v6' retrieved from /opt/airflow/dags/financial_dag.py
[2026-01-27T00:30:36.067+0000] {logging_mixin.py:188} INFO - [2026-01-27T00:30:36.066+0000] {dag.py:3036} INFO - Sync 1 DAGs
[2026-01-27T00:30:36.076+0000] {logging_mixin.py:188} INFO - [2026-01-27T00:30:36.076+0000] {dag.py:3823} INFO - Setting next_dagrun for financial_final_prod_v6 to None, run_after=None
[2026-01-27T00:30:36.093+0000] {processor.py:183} INFO - Processing /opt/airflow/dags/financial_dag.py took 0.067 seconds
[2026-01-27T00:31:06.249+0000] {processor.py:161} INFO - Started process (PID=243) to work on /opt/airflow/dags/financial_dag.py
[2026-01-27T00:31:06.251+0000] {processor.py:830} INFO - Processing file /opt/airflow/dags/financial_dag.py for tasks to queue
[2026-01-27T00:31:06.253+0000] {logging_mixin.py:188} INFO - [2026-01-27T00:31:06.252+0000] {dagbag.py:538} INFO - Filling up the DagBag from /opt/airflow/dags/financial_dag.py
[2026-01-27T00:31:06.290+0000] {processor.py:840} INFO - DAG(s) 'financial_final_prod_v6' retrieved from /opt/airflow/dags/financial_dag.py
[2026-01-27T00:31:06.343+0000] {logging_mixin.py:188} INFO - [2026-01-27T00:31:06.342+0000] {dag.py:3036} INFO - Sync 1 DAGs
[2026-01-27T00:31:06.363+0000] {logging_mixin.py:188} INFO - [2026-01-27T00:31:06.363+0000] {dag.py:3823} INFO - Setting next_dagrun for financial_final_prod_v6 to None, run_after=None
[2026-01-27T00:31:06.404+0000] {processor.py:183} INFO - Processing /opt/airflow/dags/financial_dag.py took 0.158 seconds
[2026-01-27T00:31:36.665+0000] {processor.py:161} INFO - Started process (PID=248) to work on /opt/airflow/dags/financial_dag.py
[2026-01-27T00:31:36.666+0000] {processor.py:830} INFO - Processing file /opt/airflow/dags/financial_dag.py for tasks to queue
[2026-01-27T00:31:36.667+0000] {logging_mixin.py:188} INFO - [2026-01-27T00:31:36.666+0000] {dagbag.py:538} INFO - Filling up the DagBag from /opt/airflow/dags/financial_dag.py
[2026-01-27T00:31:36.684+0000] {processor.py:840} INFO - DAG(s) 'financial_final_prod_v6' retrieved from /opt/airflow/dags/financial_dag.py
[2026-01-27T00:31:36.712+0000] {logging_mixin.py:188} INFO - [2026-01-27T00:31:36.712+0000] {dag.py:3036} INFO - Sync 1 DAGs
[2026-01-27T00:31:36.721+0000] {logging_mixin.py:188} INFO - [2026-01-27T00:31:36.721+0000] {dag.py:3823} INFO - Setting next_dagrun for financial_final_prod_v6 to None, run_after=None
[2026-01-27T00:31:36.739+0000] {processor.py:183} INFO - Processing /opt/airflow/dags/financial_dag.py took 0.076 seconds
[2026-01-27T00:32:06.868+0000] {processor.py:161} INFO - Started process (PID=253) to work on /opt/airflow/dags/financial_dag.py
[2026-01-27T00:32:06.869+0000] {processor.py:830} INFO - Processing file /opt/airflow/dags/financial_dag.py for tasks to queue
[2026-01-27T00:32:06.870+0000] {logging_mixin.py:188} INFO - [2026-01-27T00:32:06.870+0000] {dagbag.py:538} INFO - Filling up the DagBag from /opt/airflow/dags/financial_dag.py
[2026-01-27T00:32:06.894+0000] {processor.py:840} INFO - DAG(s) 'financial_final_prod_v6' retrieved from /opt/airflow/dags/financial_dag.py
[2026-01-27T00:32:06.923+0000] {logging_mixin.py:188} INFO - [2026-01-27T00:32:06.923+0000] {dag.py:3036} INFO - Sync 1 DAGs
[2026-01-27T00:32:06.934+0000] {logging_mixin.py:188} INFO - [2026-01-27T00:32:06.934+0000] {dag.py:3823} INFO - Setting next_dagrun for financial_final_prod_v6 to None, run_after=None
[2026-01-27T00:32:06.954+0000] {processor.py:183} INFO - Processing /opt/airflow/dags/financial_dag.py took 0.089 seconds
[2026-01-27T00:32:37.111+0000] {processor.py:161} INFO - Started process (PID=258) to work on /opt/airflow/dags/financial_dag.py
[2026-01-27T00:32:37.112+0000] {processor.py:830} INFO - Processing file /opt/airflow/dags/financial_dag.py for tasks to queue
[2026-01-27T00:32:37.113+0000] {logging_mixin.py:188} INFO - [2026-01-27T00:32:37.113+0000] {dagbag.py:538} INFO - Filling up the DagBag from /opt/airflow/dags/financial_dag.py
[2026-01-27T00:32:37.130+0000] {processor.py:840} INFO - DAG(s) 'financial_final_prod_v6' retrieved from /opt/airflow/dags/financial_dag.py
[2026-01-27T00:32:37.154+0000] {logging_mixin.py:188} INFO - [2026-01-27T00:32:37.154+0000] {dag.py:3036} INFO - Sync 1 DAGs
[2026-01-27T00:32:37.164+0000] {logging_mixin.py:188} INFO - [2026-01-27T00:32:37.163+0000] {dag.py:3823} INFO - Setting next_dagrun for financial_final_prod_v6 to None, run_after=None
[2026-01-27T00:32:37.179+0000] {processor.py:183} INFO - Processing /opt/airflow/dags/financial_dag.py took 0.070 seconds
[2026-01-27T00:33:07.295+0000] {processor.py:161} INFO - Started process (PID=263) to work on /opt/airflow/dags/financial_dag.py
[2026-01-27T00:33:07.295+0000] {processor.py:830} INFO - Processing file /opt/airflow/dags/financial_dag.py for tasks to queue
[2026-01-27T00:33:07.296+0000] {logging_mixin.py:188} INFO - [2026-01-27T00:33:07.296+0000] {dagbag.py:538} INFO - Filling up the DagBag from /opt/airflow/dags/financial_dag.py
[2026-01-27T00:33:07.311+0000] {processor.py:840} INFO - DAG(s) 'financial_final_prod_v6' retrieved from /opt/airflow/dags/financial_dag.py
[2026-01-27T00:33:07.337+0000] {logging_mixin.py:188} INFO - [2026-01-27T00:33:07.336+0000] {dag.py:3036} INFO - Sync 1 DAGs
[2026-01-27T00:33:07.347+0000] {logging_mixin.py:188} INFO - [2026-01-27T00:33:07.347+0000] {dag.py:3823} INFO - Setting next_dagrun for financial_final_prod_v6 to None, run_after=None
[2026-01-27T00:33:07.365+0000] {processor.py:183} INFO - Processing /opt/airflow/dags/financial_dag.py took 0.073 seconds
[2026-01-27T00:33:37.497+0000] {processor.py:161} INFO - Started process (PID=268) to work on /opt/airflow/dags/financial_dag.py
[2026-01-27T00:33:37.497+0000] {processor.py:830} INFO - Processing file /opt/airflow/dags/financial_dag.py for tasks to queue
[2026-01-27T00:33:37.498+0000] {logging_mixin.py:188} INFO - [2026-01-27T00:33:37.498+0000] {dagbag.py:538} INFO - Filling up the DagBag from /opt/airflow/dags/financial_dag.py
[2026-01-27T00:33:37.516+0000] {processor.py:840} INFO - DAG(s) 'financial_final_prod_v6' retrieved from /opt/airflow/dags/financial_dag.py
[2026-01-27T00:33:37.540+0000] {logging_mixin.py:188} INFO - [2026-01-27T00:33:37.540+0000] {dag.py:3036} INFO - Sync 1 DAGs
[2026-01-27T00:33:37.550+0000] {logging_mixin.py:188} INFO - [2026-01-27T00:33:37.550+0000] {dag.py:3823} INFO - Setting next_dagrun for financial_final_prod_v6 to None, run_after=None
[2026-01-27T00:33:37.564+0000] {processor.py:183} INFO - Processing /opt/airflow/dags/financial_dag.py took 0.070 seconds
[2026-01-27T00:34:07.664+0000] {processor.py:161} INFO - Started process (PID=273) to work on /opt/airflow/dags/financial_dag.py
[2026-01-27T00:34:07.665+0000] {processor.py:830} INFO - Processing file /opt/airflow/dags/financial_dag.py for tasks to queue
[2026-01-27T00:34:07.666+0000] {logging_mixin.py:188} INFO - [2026-01-27T00:34:07.666+0000] {dagbag.py:538} INFO - Filling up the DagBag from /opt/airflow/dags/financial_dag.py
[2026-01-27T00:34:07.681+0000] {processor.py:840} INFO - DAG(s) 'financial_final_prod_v6' retrieved from /opt/airflow/dags/financial_dag.py
[2026-01-27T00:34:07.703+0000] {logging_mixin.py:188} INFO - [2026-01-27T00:34:07.703+0000] {dag.py:3036} INFO - Sync 1 DAGs
[2026-01-27T00:34:07.713+0000] {logging_mixin.py:188} INFO - [2026-01-27T00:34:07.713+0000] {dag.py:3823} INFO - Setting next_dagrun for financial_final_prod_v6 to None, run_after=None
[2026-01-27T00:34:07.728+0000] {processor.py:183} INFO - Processing /opt/airflow/dags/financial_dag.py took 0.067 seconds
[2026-01-27T00:34:37.874+0000] {processor.py:161} INFO - Started process (PID=278) to work on /opt/airflow/dags/financial_dag.py
[2026-01-27T00:34:37.874+0000] {processor.py:830} INFO - Processing file /opt/airflow/dags/financial_dag.py for tasks to queue
[2026-01-27T00:34:37.875+0000] {logging_mixin.py:188} INFO - [2026-01-27T00:34:37.875+0000] {dagbag.py:538} INFO - Filling up the DagBag from /opt/airflow/dags/financial_dag.py
[2026-01-27T00:34:37.889+0000] {processor.py:840} INFO - DAG(s) 'financial_final_prod_v6' retrieved from /opt/airflow/dags/financial_dag.py
[2026-01-27T00:34:37.910+0000] {logging_mixin.py:188} INFO - [2026-01-27T00:34:37.910+0000] {dag.py:3036} INFO - Sync 1 DAGs
[2026-01-27T00:34:37.919+0000] {logging_mixin.py:188} INFO - [2026-01-27T00:34:37.919+0000] {dag.py:3823} INFO - Setting next_dagrun for financial_final_prod_v6 to None, run_after=None
[2026-01-27T00:34:37.932+0000] {processor.py:183} INFO - Processing /opt/airflow/dags/financial_dag.py took 0.061 seconds
[2026-01-27T00:35:08.092+0000] {processor.py:161} INFO - Started process (PID=283) to work on /opt/airflow/dags/financial_dag.py
[2026-01-27T00:35:08.092+0000] {processor.py:830} INFO - Processing file /opt/airflow/dags/financial_dag.py for tasks to queue
[2026-01-27T00:35:08.093+0000] {logging_mixin.py:188} INFO - [2026-01-27T00:35:08.093+0000] {dagbag.py:538} INFO - Filling up the DagBag from /opt/airflow/dags/financial_dag.py
[2026-01-27T00:35:08.108+0000] {processor.py:840} INFO - DAG(s) 'financial_final_prod_v6' retrieved from /opt/airflow/dags/financial_dag.py
[2026-01-27T00:35:08.133+0000] {logging_mixin.py:188} INFO - [2026-01-27T00:35:08.133+0000] {dag.py:3036} INFO - Sync 1 DAGs
[2026-01-27T00:35:08.142+0000] {logging_mixin.py:188} INFO - [2026-01-27T00:35:08.142+0000] {dag.py:3823} INFO - Setting next_dagrun for financial_final_prod_v6 to None, run_after=None
[2026-01-27T00:35:08.158+0000] {processor.py:183} INFO - Processing /opt/airflow/dags/financial_dag.py took 0.069 seconds
[2026-01-27T00:35:38.271+0000] {processor.py:161} INFO - Started process (PID=288) to work on /opt/airflow/dags/financial_dag.py
[2026-01-27T00:35:38.272+0000] {processor.py:830} INFO - Processing file /opt/airflow/dags/financial_dag.py for tasks to queue
[2026-01-27T00:35:38.273+0000] {logging_mixin.py:188} INFO - [2026-01-27T00:35:38.272+0000] {dagbag.py:538} INFO - Filling up the DagBag from /opt/airflow/dags/financial_dag.py
[2026-01-27T00:35:38.289+0000] {processor.py:840} INFO - DAG(s) 'financial_final_prod_v6' retrieved from /opt/airflow/dags/financial_dag.py
[2026-01-27T00:35:38.311+0000] {logging_mixin.py:188} INFO - [2026-01-27T00:35:38.310+0000] {dag.py:3036} INFO - Sync 1 DAGs
[2026-01-27T00:35:38.319+0000] {logging_mixin.py:188} INFO - [2026-01-27T00:35:38.319+0000] {dag.py:3823} INFO - Setting next_dagrun for financial_final_prod_v6 to None, run_after=None
[2026-01-27T00:35:38.334+0000] {processor.py:183} INFO - Processing /opt/airflow/dags/financial_dag.py took 0.066 seconds
[2026-01-27T00:36:08.486+0000] {processor.py:161} INFO - Started process (PID=293) to work on /opt/airflow/dags/financial_dag.py
[2026-01-27T00:36:08.486+0000] {processor.py:830} INFO - Processing file /opt/airflow/dags/financial_dag.py for tasks to queue
[2026-01-27T00:36:08.487+0000] {logging_mixin.py:188} INFO - [2026-01-27T00:36:08.487+0000] {dagbag.py:538} INFO - Filling up the DagBag from /opt/airflow/dags/financial_dag.py
[2026-01-27T00:36:08.503+0000] {processor.py:840} INFO - DAG(s) 'financial_final_prod_v6' retrieved from /opt/airflow/dags/financial_dag.py
[2026-01-27T00:36:08.527+0000] {logging_mixin.py:188} INFO - [2026-01-27T00:36:08.526+0000] {dag.py:3036} INFO - Sync 1 DAGs
[2026-01-27T00:36:08.540+0000] {logging_mixin.py:188} INFO - [2026-01-27T00:36:08.540+0000] {dag.py:3823} INFO - Setting next_dagrun for financial_final_prod_v6 to None, run_after=None
[2026-01-27T00:36:08.558+0000] {processor.py:183} INFO - Processing /opt/airflow/dags/financial_dag.py took 0.075 seconds
[2026-01-27T00:36:38.655+0000] {processor.py:161} INFO - Started process (PID=298) to work on /opt/airflow/dags/financial_dag.py
[2026-01-27T00:36:38.656+0000] {processor.py:830} INFO - Processing file /opt/airflow/dags/financial_dag.py for tasks to queue
[2026-01-27T00:36:38.657+0000] {logging_mixin.py:188} INFO - [2026-01-27T00:36:38.656+0000] {dagbag.py:538} INFO - Filling up the DagBag from /opt/airflow/dags/financial_dag.py
[2026-01-27T00:36:38.673+0000] {processor.py:840} INFO - DAG(s) 'financial_final_prod_v6' retrieved from /opt/airflow/dags/financial_dag.py
[2026-01-27T00:36:38.700+0000] {logging_mixin.py:188} INFO - [2026-01-27T00:36:38.699+0000] {dag.py:3036} INFO - Sync 1 DAGs
[2026-01-27T00:36:38.709+0000] {logging_mixin.py:188} INFO - [2026-01-27T00:36:38.709+0000] {dag.py:3823} INFO - Setting next_dagrun for financial_final_prod_v6 to None, run_after=None
[2026-01-27T00:36:38.725+0000] {processor.py:183} INFO - Processing /opt/airflow/dags/financial_dag.py took 0.073 seconds
[2026-01-27T00:37:08.897+0000] {processor.py:161} INFO - Started process (PID=313) to work on /opt/airflow/dags/financial_dag.py
[2026-01-27T00:37:08.898+0000] {processor.py:830} INFO - Processing file /opt/airflow/dags/financial_dag.py for tasks to queue
[2026-01-27T00:37:08.899+0000] {logging_mixin.py:188} INFO - [2026-01-27T00:37:08.899+0000] {dagbag.py:538} INFO - Filling up the DagBag from /opt/airflow/dags/financial_dag.py
[2026-01-27T00:37:08.912+0000] {processor.py:840} INFO - DAG(s) 'financial_final_prod_v6' retrieved from /opt/airflow/dags/financial_dag.py
[2026-01-27T00:37:08.931+0000] {logging_mixin.py:188} INFO - [2026-01-27T00:37:08.931+0000] {dag.py:3036} INFO - Sync 1 DAGs
[2026-01-27T00:37:08.940+0000] {logging_mixin.py:188} INFO - [2026-01-27T00:37:08.940+0000] {dag.py:3823} INFO - Setting next_dagrun for financial_final_prod_v6 to None, run_after=None
[2026-01-27T00:37:08.953+0000] {processor.py:183} INFO - Processing /opt/airflow/dags/financial_dag.py took 0.058 seconds
[2026-01-27T00:37:39.092+0000] {processor.py:161} INFO - Started process (PID=318) to work on /opt/airflow/dags/financial_dag.py
[2026-01-27T00:37:39.093+0000] {processor.py:830} INFO - Processing file /opt/airflow/dags/financial_dag.py for tasks to queue
[2026-01-27T00:37:39.094+0000] {logging_mixin.py:188} INFO - [2026-01-27T00:37:39.093+0000] {dagbag.py:538} INFO - Filling up the DagBag from /opt/airflow/dags/financial_dag.py
[2026-01-27T00:37:39.116+0000] {processor.py:840} INFO - DAG(s) 'financial_final_prod_v6' retrieved from /opt/airflow/dags/financial_dag.py
[2026-01-27T00:37:39.146+0000] {logging_mixin.py:188} INFO - [2026-01-27T00:37:39.145+0000] {dag.py:3036} INFO - Sync 1 DAGs
[2026-01-27T00:37:39.156+0000] {logging_mixin.py:188} INFO - [2026-01-27T00:37:39.156+0000] {dag.py:3823} INFO - Setting next_dagrun for financial_final_prod_v6 to None, run_after=None
[2026-01-27T00:37:39.174+0000] {processor.py:183} INFO - Processing /opt/airflow/dags/financial_dag.py took 0.086 seconds
[2026-01-27T00:38:09.274+0000] {processor.py:161} INFO - Started process (PID=323) to work on /opt/airflow/dags/financial_dag.py
[2026-01-27T00:38:09.275+0000] {processor.py:830} INFO - Processing file /opt/airflow/dags/financial_dag.py for tasks to queue
[2026-01-27T00:38:09.276+0000] {logging_mixin.py:188} INFO - [2026-01-27T00:38:09.276+0000] {dagbag.py:538} INFO - Filling up the DagBag from /opt/airflow/dags/financial_dag.py
[2026-01-27T00:38:09.296+0000] {processor.py:840} INFO - DAG(s) 'financial_final_prod_v6' retrieved from /opt/airflow/dags/financial_dag.py
[2026-01-27T00:38:09.330+0000] {logging_mixin.py:188} INFO - [2026-01-27T00:38:09.330+0000] {dag.py:3036} INFO - Sync 1 DAGs
[2026-01-27T00:38:09.339+0000] {logging_mixin.py:188} INFO - [2026-01-27T00:38:09.339+0000] {dag.py:3823} INFO - Setting next_dagrun for financial_final_prod_v6 to None, run_after=None
[2026-01-27T00:38:09.354+0000] {processor.py:183} INFO - Processing /opt/airflow/dags/financial_dag.py took 0.084 seconds
[2026-01-27T00:38:39.510+0000] {processor.py:161} INFO - Started process (PID=328) to work on /opt/airflow/dags/financial_dag.py
[2026-01-27T00:38:39.511+0000] {processor.py:830} INFO - Processing file /opt/airflow/dags/financial_dag.py for tasks to queue
[2026-01-27T00:38:39.512+0000] {logging_mixin.py:188} INFO - [2026-01-27T00:38:39.512+0000] {dagbag.py:538} INFO - Filling up the DagBag from /opt/airflow/dags/financial_dag.py
[2026-01-27T00:38:39.528+0000] {processor.py:840} INFO - DAG(s) 'financial_final_prod_v6' retrieved from /opt/airflow/dags/financial_dag.py
[2026-01-27T00:38:39.553+0000] {logging_mixin.py:188} INFO - [2026-01-27T00:38:39.552+0000] {dag.py:3036} INFO - Sync 1 DAGs
[2026-01-27T00:38:39.563+0000] {logging_mixin.py:188} INFO - [2026-01-27T00:38:39.563+0000] {dag.py:3823} INFO - Setting next_dagrun for financial_final_prod_v6 to None, run_after=None
[2026-01-27T00:38:39.579+0000] {processor.py:183} INFO - Processing /opt/airflow/dags/financial_dag.py took 0.071 seconds
[2026-01-27T00:39:09.687+0000] {processor.py:161} INFO - Started process (PID=333) to work on /opt/airflow/dags/financial_dag.py
[2026-01-27T00:39:09.687+0000] {processor.py:830} INFO - Processing file /opt/airflow/dags/financial_dag.py for tasks to queue
[2026-01-27T00:39:09.688+0000] {logging_mixin.py:188} INFO - [2026-01-27T00:39:09.688+0000] {dagbag.py:538} INFO - Filling up the DagBag from /opt/airflow/dags/financial_dag.py
[2026-01-27T00:39:09.703+0000] {processor.py:840} INFO - DAG(s) 'financial_final_prod_v6' retrieved from /opt/airflow/dags/financial_dag.py
[2026-01-27T00:39:09.726+0000] {logging_mixin.py:188} INFO - [2026-01-27T00:39:09.726+0000] {dag.py:3036} INFO - Sync 1 DAGs
[2026-01-27T00:39:09.735+0000] {logging_mixin.py:188} INFO - [2026-01-27T00:39:09.735+0000] {dag.py:3823} INFO - Setting next_dagrun for financial_final_prod_v6 to None, run_after=None
[2026-01-27T00:39:09.751+0000] {processor.py:183} INFO - Processing /opt/airflow/dags/financial_dag.py took 0.067 seconds
[2026-01-27T00:39:39.894+0000] {processor.py:161} INFO - Started process (PID=338) to work on /opt/airflow/dags/financial_dag.py
[2026-01-27T00:39:39.895+0000] {processor.py:830} INFO - Processing file /opt/airflow/dags/financial_dag.py for tasks to queue
[2026-01-27T00:39:39.896+0000] {logging_mixin.py:188} INFO - [2026-01-27T00:39:39.896+0000] {dagbag.py:538} INFO - Filling up the DagBag from /opt/airflow/dags/financial_dag.py
[2026-01-27T00:39:39.916+0000] {processor.py:840} INFO - DAG(s) 'financial_final_prod_v6' retrieved from /opt/airflow/dags/financial_dag.py
[2026-01-27T00:39:39.948+0000] {logging_mixin.py:188} INFO - [2026-01-27T00:39:39.948+0000] {dag.py:3036} INFO - Sync 1 DAGs
[2026-01-27T00:39:39.961+0000] {logging_mixin.py:188} INFO - [2026-01-27T00:39:39.961+0000] {dag.py:3823} INFO - Setting next_dagrun for financial_final_prod_v6 to None, run_after=None
[2026-01-27T00:39:39.981+0000] {processor.py:183} INFO - Processing /opt/airflow/dags/financial_dag.py took 0.090 seconds
[2026-01-27T00:40:10.065+0000] {processor.py:161} INFO - Started process (PID=343) to work on /opt/airflow/dags/financial_dag.py
[2026-01-27T00:40:10.066+0000] {processor.py:830} INFO - Processing file /opt/airflow/dags/financial_dag.py for tasks to queue
[2026-01-27T00:40:10.067+0000] {logging_mixin.py:188} INFO - [2026-01-27T00:40:10.067+0000] {dagbag.py:538} INFO - Filling up the DagBag from /opt/airflow/dags/financial_dag.py
[2026-01-27T00:40:10.080+0000] {processor.py:840} INFO - DAG(s) 'financial_final_prod_v6' retrieved from /opt/airflow/dags/financial_dag.py
[2026-01-27T00:40:10.102+0000] {logging_mixin.py:188} INFO - [2026-01-27T00:40:10.102+0000] {dag.py:3036} INFO - Sync 1 DAGs
[2026-01-27T00:40:10.110+0000] {logging_mixin.py:188} INFO - [2026-01-27T00:40:10.110+0000] {dag.py:3823} INFO - Setting next_dagrun for financial_final_prod_v6 to None, run_after=None
[2026-01-27T00:40:10.126+0000] {processor.py:183} INFO - Processing /opt/airflow/dags/financial_dag.py took 0.063 seconds
[2026-01-27T00:40:40.310+0000] {processor.py:161} INFO - Started process (PID=348) to work on /opt/airflow/dags/financial_dag.py
[2026-01-27T00:40:40.311+0000] {processor.py:830} INFO - Processing file /opt/airflow/dags/financial_dag.py for tasks to queue
[2026-01-27T00:40:40.312+0000] {logging_mixin.py:188} INFO - [2026-01-27T00:40:40.312+0000] {dagbag.py:538} INFO - Filling up the DagBag from /opt/airflow/dags/financial_dag.py
[2026-01-27T00:40:40.328+0000] {processor.py:840} INFO - DAG(s) 'financial_final_prod_v6' retrieved from /opt/airflow/dags/financial_dag.py
[2026-01-27T00:40:40.352+0000] {logging_mixin.py:188} INFO - [2026-01-27T00:40:40.352+0000] {dag.py:3036} INFO - Sync 1 DAGs
[2026-01-27T00:40:40.362+0000] {logging_mixin.py:188} INFO - [2026-01-27T00:40:40.362+0000] {dag.py:3823} INFO - Setting next_dagrun for financial_final_prod_v6 to None, run_after=None
[2026-01-27T00:40:40.378+0000] {processor.py:183} INFO - Processing /opt/airflow/dags/financial_dag.py took 0.070 seconds
[2026-01-27T00:41:10.474+0000] {processor.py:161} INFO - Started process (PID=353) to work on /opt/airflow/dags/financial_dag.py
[2026-01-27T00:41:10.475+0000] {processor.py:830} INFO - Processing file /opt/airflow/dags/financial_dag.py for tasks to queue
[2026-01-27T00:41:10.476+0000] {logging_mixin.py:188} INFO - [2026-01-27T00:41:10.476+0000] {dagbag.py:538} INFO - Filling up the DagBag from /opt/airflow/dags/financial_dag.py
[2026-01-27T00:41:10.488+0000] {processor.py:840} INFO - DAG(s) 'financial_final_prod_v6' retrieved from /opt/airflow/dags/financial_dag.py
[2026-01-27T00:41:10.515+0000] {logging_mixin.py:188} INFO - [2026-01-27T00:41:10.514+0000] {dag.py:3036} INFO - Sync 1 DAGs
[2026-01-27T00:41:10.524+0000] {logging_mixin.py:188} INFO - [2026-01-27T00:41:10.524+0000] {dag.py:3823} INFO - Setting next_dagrun for financial_final_prod_v6 to None, run_after=None
[2026-01-27T00:41:10.540+0000] {processor.py:183} INFO - Processing /opt/airflow/dags/financial_dag.py took 0.068 seconds
[2026-01-27T00:41:40.695+0000] {processor.py:161} INFO - Started process (PID=358) to work on /opt/airflow/dags/financial_dag.py
[2026-01-27T00:41:40.696+0000] {processor.py:830} INFO - Processing file /opt/airflow/dags/financial_dag.py for tasks to queue
[2026-01-27T00:41:40.697+0000] {logging_mixin.py:188} INFO - [2026-01-27T00:41:40.696+0000] {dagbag.py:538} INFO - Filling up the DagBag from /opt/airflow/dags/financial_dag.py
[2026-01-27T00:41:40.711+0000] {processor.py:840} INFO - DAG(s) 'financial_final_prod_v6' retrieved from /opt/airflow/dags/financial_dag.py
[2026-01-27T00:41:40.732+0000] {logging_mixin.py:188} INFO - [2026-01-27T00:41:40.732+0000] {dag.py:3036} INFO - Sync 1 DAGs
[2026-01-27T00:41:40.740+0000] {logging_mixin.py:188} INFO - [2026-01-27T00:41:40.740+0000] {dag.py:3823} INFO - Setting next_dagrun for financial_final_prod_v6 to None, run_after=None
[2026-01-27T00:41:40.756+0000] {processor.py:183} INFO - Processing /opt/airflow/dags/financial_dag.py took 0.063 seconds
[2026-01-27T00:42:10.879+0000] {processor.py:161} INFO - Started process (PID=363) to work on /opt/airflow/dags/financial_dag.py
[2026-01-27T00:42:10.880+0000] {processor.py:830} INFO - Processing file /opt/airflow/dags/financial_dag.py for tasks to queue
[2026-01-27T00:42:10.881+0000] {logging_mixin.py:188} INFO - [2026-01-27T00:42:10.881+0000] {dagbag.py:538} INFO - Filling up the DagBag from /opt/airflow/dags/financial_dag.py
[2026-01-27T00:42:10.898+0000] {processor.py:840} INFO - DAG(s) 'financial_final_prod_v6' retrieved from /opt/airflow/dags/financial_dag.py
[2026-01-27T00:42:10.921+0000] {logging_mixin.py:188} INFO - [2026-01-27T00:42:10.921+0000] {dag.py:3036} INFO - Sync 1 DAGs
[2026-01-27T00:42:10.930+0000] {logging_mixin.py:188} INFO - [2026-01-27T00:42:10.930+0000] {dag.py:3823} INFO - Setting next_dagrun for financial_final_prod_v6 to None, run_after=None
[2026-01-27T00:42:10.945+0000] {processor.py:183} INFO - Processing /opt/airflow/dags/financial_dag.py took 0.069 seconds
[2026-01-27T00:42:41.063+0000] {processor.py:161} INFO - Started process (PID=368) to work on /opt/airflow/dags/financial_dag.py
[2026-01-27T00:42:41.064+0000] {processor.py:830} INFO - Processing file /opt/airflow/dags/financial_dag.py for tasks to queue
[2026-01-27T00:42:41.065+0000] {logging_mixin.py:188} INFO - [2026-01-27T00:42:41.064+0000] {dagbag.py:538} INFO - Filling up the DagBag from /opt/airflow/dags/financial_dag.py
[2026-01-27T00:42:41.082+0000] {processor.py:840} INFO - DAG(s) 'financial_final_prod_v6' retrieved from /opt/airflow/dags/financial_dag.py
[2026-01-27T00:42:41.111+0000] {logging_mixin.py:188} INFO - [2026-01-27T00:42:41.110+0000] {dag.py:3036} INFO - Sync 1 DAGs
[2026-01-27T00:42:41.121+0000] {logging_mixin.py:188} INFO - [2026-01-27T00:42:41.121+0000] {dag.py:3823} INFO - Setting next_dagrun for financial_final_prod_v6 to None, run_after=None
[2026-01-27T00:42:41.138+0000] {processor.py:183} INFO - Processing /opt/airflow/dags/financial_dag.py took 0.078 seconds
[2026-01-27T00:43:11.258+0000] {processor.py:161} INFO - Started process (PID=373) to work on /opt/airflow/dags/financial_dag.py
[2026-01-27T00:43:11.259+0000] {processor.py:830} INFO - Processing file /opt/airflow/dags/financial_dag.py for tasks to queue
[2026-01-27T00:43:11.260+0000] {logging_mixin.py:188} INFO - [2026-01-27T00:43:11.260+0000] {dagbag.py:538} INFO - Filling up the DagBag from /opt/airflow/dags/financial_dag.py
[2026-01-27T00:43:11.275+0000] {processor.py:840} INFO - DAG(s) 'financial_final_prod_v6' retrieved from /opt/airflow/dags/financial_dag.py
[2026-01-27T00:43:11.297+0000] {logging_mixin.py:188} INFO - [2026-01-27T00:43:11.297+0000] {dag.py:3036} INFO - Sync 1 DAGs
[2026-01-27T00:43:11.306+0000] {logging_mixin.py:188} INFO - [2026-01-27T00:43:11.306+0000] {dag.py:3823} INFO - Setting next_dagrun for financial_final_prod_v6 to None, run_after=None
[2026-01-27T00:43:11.322+0000] {processor.py:183} INFO - Processing /opt/airflow/dags/financial_dag.py took 0.067 seconds
[2026-01-27T00:43:41.443+0000] {processor.py:161} INFO - Started process (PID=378) to work on /opt/airflow/dags/financial_dag.py
[2026-01-27T00:43:41.445+0000] {processor.py:830} INFO - Processing file /opt/airflow/dags/financial_dag.py for tasks to queue
[2026-01-27T00:43:41.446+0000] {logging_mixin.py:188} INFO - [2026-01-27T00:43:41.445+0000] {dagbag.py:538} INFO - Filling up the DagBag from /opt/airflow/dags/financial_dag.py
[2026-01-27T00:43:41.464+0000] {processor.py:840} INFO - DAG(s) 'financial_final_prod_v6' retrieved from /opt/airflow/dags/financial_dag.py
[2026-01-27T00:43:41.487+0000] {logging_mixin.py:188} INFO - [2026-01-27T00:43:41.487+0000] {dag.py:3036} INFO - Sync 1 DAGs
[2026-01-27T00:43:41.497+0000] {logging_mixin.py:188} INFO - [2026-01-27T00:43:41.497+0000] {dag.py:3823} INFO - Setting next_dagrun for financial_final_prod_v6 to None, run_after=None
[2026-01-27T00:43:41.515+0000] {processor.py:183} INFO - Processing /opt/airflow/dags/financial_dag.py took 0.075 seconds
[2026-01-27T00:44:11.646+0000] {processor.py:161} INFO - Started process (PID=383) to work on /opt/airflow/dags/financial_dag.py
[2026-01-27T00:44:11.647+0000] {processor.py:830} INFO - Processing file /opt/airflow/dags/financial_dag.py for tasks to queue
[2026-01-27T00:44:11.649+0000] {logging_mixin.py:188} INFO - [2026-01-27T00:44:11.648+0000] {dagbag.py:538} INFO - Filling up the DagBag from /opt/airflow/dags/financial_dag.py
[2026-01-27T00:44:11.677+0000] {processor.py:840} INFO - DAG(s) 'financial_final_prod_v6' retrieved from /opt/airflow/dags/financial_dag.py
[2026-01-27T00:44:11.724+0000] {logging_mixin.py:188} INFO - [2026-01-27T00:44:11.723+0000] {dag.py:3036} INFO - Sync 1 DAGs
[2026-01-27T00:44:11.740+0000] {logging_mixin.py:188} INFO - [2026-01-27T00:44:11.739+0000] {dag.py:3823} INFO - Setting next_dagrun for financial_final_prod_v6 to None, run_after=None
[2026-01-27T00:44:11.763+0000] {processor.py:183} INFO - Processing /opt/airflow/dags/financial_dag.py took 0.120 seconds
[2026-01-27T00:44:41.842+0000] {processor.py:161} INFO - Started process (PID=388) to work on /opt/airflow/dags/financial_dag.py
[2026-01-27T00:44:41.843+0000] {processor.py:830} INFO - Processing file /opt/airflow/dags/financial_dag.py for tasks to queue
[2026-01-27T00:44:41.845+0000] {logging_mixin.py:188} INFO - [2026-01-27T00:44:41.844+0000] {dagbag.py:538} INFO - Filling up the DagBag from /opt/airflow/dags/financial_dag.py
[2026-01-27T00:44:41.863+0000] {processor.py:840} INFO - DAG(s) 'financial_final_prod_v6' retrieved from /opt/airflow/dags/financial_dag.py
[2026-01-27T00:44:41.896+0000] {logging_mixin.py:188} INFO - [2026-01-27T00:44:41.895+0000] {dag.py:3036} INFO - Sync 1 DAGs
[2026-01-27T00:44:41.906+0000] {logging_mixin.py:188} INFO - [2026-01-27T00:44:41.906+0000] {dag.py:3823} INFO - Setting next_dagrun for financial_final_prod_v6 to None, run_after=None
[2026-01-27T00:44:41.922+0000] {processor.py:183} INFO - Processing /opt/airflow/dags/financial_dag.py took 0.083 seconds
[2026-01-27T00:45:12.093+0000] {processor.py:161} INFO - Started process (PID=393) to work on /opt/airflow/dags/financial_dag.py
[2026-01-27T00:45:12.093+0000] {processor.py:830} INFO - Processing file /opt/airflow/dags/financial_dag.py for tasks to queue
[2026-01-27T00:45:12.094+0000] {logging_mixin.py:188} INFO - [2026-01-27T00:45:12.094+0000] {dagbag.py:538} INFO - Filling up the DagBag from /opt/airflow/dags/financial_dag.py
[2026-01-27T00:45:12.110+0000] {processor.py:840} INFO - DAG(s) 'financial_final_prod_v6' retrieved from /opt/airflow/dags/financial_dag.py
[2026-01-27T00:45:12.135+0000] {logging_mixin.py:188} INFO - [2026-01-27T00:45:12.135+0000] {dag.py:3036} INFO - Sync 1 DAGs
[2026-01-27T00:45:12.145+0000] {logging_mixin.py:188} INFO - [2026-01-27T00:45:12.145+0000] {dag.py:3823} INFO - Setting next_dagrun for financial_final_prod_v6 to None, run_after=None
[2026-01-27T00:45:12.159+0000] {processor.py:183} INFO - Processing /opt/airflow/dags/financial_dag.py took 0.069 seconds
[2026-01-27T00:45:42.266+0000] {processor.py:161} INFO - Started process (PID=398) to work on /opt/airflow/dags/financial_dag.py
[2026-01-27T00:45:42.266+0000] {processor.py:830} INFO - Processing file /opt/airflow/dags/financial_dag.py for tasks to queue
[2026-01-27T00:45:42.267+0000] {logging_mixin.py:188} INFO - [2026-01-27T00:45:42.267+0000] {dagbag.py:538} INFO - Filling up the DagBag from /opt/airflow/dags/financial_dag.py
[2026-01-27T00:45:42.284+0000] {processor.py:840} INFO - DAG(s) 'financial_final_prod_v6' retrieved from /opt/airflow/dags/financial_dag.py
[2026-01-27T00:45:42.308+0000] {logging_mixin.py:188} INFO - [2026-01-27T00:45:42.308+0000] {dag.py:3036} INFO - Sync 1 DAGs
[2026-01-27T00:45:42.320+0000] {logging_mixin.py:188} INFO - [2026-01-27T00:45:42.320+0000] {dag.py:3823} INFO - Setting next_dagrun for financial_final_prod_v6 to None, run_after=None
[2026-01-27T00:45:42.340+0000] {processor.py:183} INFO - Processing /opt/airflow/dags/financial_dag.py took 0.078 seconds
[2026-01-27T00:46:12.455+0000] {processor.py:161} INFO - Started process (PID=403) to work on /opt/airflow/dags/financial_dag.py
[2026-01-27T00:46:12.456+0000] {processor.py:830} INFO - Processing file /opt/airflow/dags/financial_dag.py for tasks to queue
[2026-01-27T00:46:12.456+0000] {logging_mixin.py:188} INFO - [2026-01-27T00:46:12.456+0000] {dagbag.py:538} INFO - Filling up the DagBag from /opt/airflow/dags/financial_dag.py
[2026-01-27T00:46:12.472+0000] {processor.py:840} INFO - DAG(s) 'financial_final_prod_v6' retrieved from /opt/airflow/dags/financial_dag.py
[2026-01-27T00:46:12.492+0000] {logging_mixin.py:188} INFO - [2026-01-27T00:46:12.492+0000] {dag.py:3036} INFO - Sync 1 DAGs
[2026-01-27T00:46:12.501+0000] {logging_mixin.py:188} INFO - [2026-01-27T00:46:12.500+0000] {dag.py:3823} INFO - Setting next_dagrun for financial_final_prod_v6 to None, run_after=None
[2026-01-27T00:46:12.515+0000] {processor.py:183} INFO - Processing /opt/airflow/dags/financial_dag.py took 0.063 seconds
[2026-01-27T00:46:42.644+0000] {processor.py:161} INFO - Started process (PID=416) to work on /opt/airflow/dags/financial_dag.py
[2026-01-27T00:46:42.644+0000] {processor.py:830} INFO - Processing file /opt/airflow/dags/financial_dag.py for tasks to queue
[2026-01-27T00:46:42.645+0000] {logging_mixin.py:188} INFO - [2026-01-27T00:46:42.645+0000] {dagbag.py:538} INFO - Filling up the DagBag from /opt/airflow/dags/financial_dag.py
[2026-01-27T00:46:42.661+0000] {processor.py:840} INFO - DAG(s) 'financial_final_prod_v6' retrieved from /opt/airflow/dags/financial_dag.py
[2026-01-27T00:46:42.684+0000] {logging_mixin.py:188} INFO - [2026-01-27T00:46:42.684+0000] {dag.py:3036} INFO - Sync 1 DAGs
[2026-01-27T00:46:42.693+0000] {logging_mixin.py:188} INFO - [2026-01-27T00:46:42.692+0000] {dag.py:3823} INFO - Setting next_dagrun for financial_final_prod_v6 to None, run_after=None
[2026-01-27T00:46:42.707+0000] {processor.py:183} INFO - Processing /opt/airflow/dags/financial_dag.py took 0.066 seconds
[2026-01-27T00:47:12.829+0000] {processor.py:161} INFO - Started process (PID=423) to work on /opt/airflow/dags/financial_dag.py
[2026-01-27T00:47:12.830+0000] {processor.py:830} INFO - Processing file /opt/airflow/dags/financial_dag.py for tasks to queue
[2026-01-27T00:47:12.830+0000] {logging_mixin.py:188} INFO - [2026-01-27T00:47:12.830+0000] {dagbag.py:538} INFO - Filling up the DagBag from /opt/airflow/dags/financial_dag.py
[2026-01-27T00:47:12.846+0000] {processor.py:840} INFO - DAG(s) 'financial_final_prod_v6' retrieved from /opt/airflow/dags/financial_dag.py
[2026-01-27T00:47:12.867+0000] {logging_mixin.py:188} INFO - [2026-01-27T00:47:12.867+0000] {dag.py:3036} INFO - Sync 1 DAGs
[2026-01-27T00:47:12.875+0000] {logging_mixin.py:188} INFO - [2026-01-27T00:47:12.875+0000] {dag.py:3823} INFO - Setting next_dagrun for financial_final_prod_v6 to None, run_after=None
[2026-01-27T00:47:12.888+0000] {processor.py:183} INFO - Processing /opt/airflow/dags/financial_dag.py took 0.061 seconds
[2026-01-27T00:48:24.655+0000] {processor.py:161} INFO - Started process (PID=203) to work on /opt/airflow/dags/financial_dag.py
[2026-01-27T00:48:24.657+0000] {processor.py:830} INFO - Processing file /opt/airflow/dags/financial_dag.py for tasks to queue
[2026-01-27T00:48:24.659+0000] {logging_mixin.py:188} INFO - [2026-01-27T00:48:24.658+0000] {dagbag.py:538} INFO - Filling up the DagBag from /opt/airflow/dags/financial_dag.py
[2026-01-27T00:48:24.704+0000] {processor.py:840} INFO - DAG(s) 'financial_final_prod_v6' retrieved from /opt/airflow/dags/financial_dag.py
[2026-01-27T00:48:24.855+0000] {logging_mixin.py:188} INFO - [2026-01-27T00:48:24.855+0000] {dag.py:3036} INFO - Sync 1 DAGs
[2026-01-27T00:48:24.862+0000] {logging_mixin.py:188} INFO - [2026-01-27T00:48:24.862+0000] {dag.py:3823} INFO - Setting next_dagrun for financial_final_prod_v6 to None, run_after=None
[2026-01-27T00:48:24.876+0000] {processor.py:183} INFO - Processing /opt/airflow/dags/financial_dag.py took 0.224 seconds
[2026-01-27T00:48:55.040+0000] {processor.py:161} INFO - Started process (PID=208) to work on /opt/airflow/dags/financial_dag.py
[2026-01-27T00:48:55.041+0000] {processor.py:830} INFO - Processing file /opt/airflow/dags/financial_dag.py for tasks to queue
[2026-01-27T00:48:55.041+0000] {logging_mixin.py:188} INFO - [2026-01-27T00:48:55.041+0000] {dagbag.py:538} INFO - Filling up the DagBag from /opt/airflow/dags/financial_dag.py
[2026-01-27T00:48:55.056+0000] {processor.py:840} INFO - DAG(s) 'financial_final_prod_v6' retrieved from /opt/airflow/dags/financial_dag.py
[2026-01-27T00:48:55.079+0000] {logging_mixin.py:188} INFO - [2026-01-27T00:48:55.079+0000] {dag.py:3036} INFO - Sync 1 DAGs
[2026-01-27T00:48:55.087+0000] {logging_mixin.py:188} INFO - [2026-01-27T00:48:55.087+0000] {dag.py:3823} INFO - Setting next_dagrun for financial_final_prod_v6 to None, run_after=None
[2026-01-27T00:48:55.104+0000] {processor.py:183} INFO - Processing /opt/airflow/dags/financial_dag.py took 0.068 seconds
[2026-01-27T00:49:25.203+0000] {processor.py:161} INFO - Started process (PID=213) to work on /opt/airflow/dags/financial_dag.py
[2026-01-27T00:49:25.204+0000] {processor.py:830} INFO - Processing file /opt/airflow/dags/financial_dag.py for tasks to queue
[2026-01-27T00:49:25.205+0000] {logging_mixin.py:188} INFO - [2026-01-27T00:49:25.205+0000] {dagbag.py:538} INFO - Filling up the DagBag from /opt/airflow/dags/financial_dag.py
[2026-01-27T00:49:25.220+0000] {processor.py:840} INFO - DAG(s) 'financial_final_prod_v6' retrieved from /opt/airflow/dags/financial_dag.py
[2026-01-27T00:49:25.242+0000] {logging_mixin.py:188} INFO - [2026-01-27T00:49:25.242+0000] {dag.py:3036} INFO - Sync 1 DAGs
[2026-01-27T00:49:25.252+0000] {logging_mixin.py:188} INFO - [2026-01-27T00:49:25.251+0000] {dag.py:3823} INFO - Setting next_dagrun for financial_final_prod_v6 to None, run_after=None
[2026-01-27T00:49:25.266+0000] {processor.py:183} INFO - Processing /opt/airflow/dags/financial_dag.py took 0.066 seconds
[2026-01-27T00:49:55.411+0000] {processor.py:161} INFO - Started process (PID=228) to work on /opt/airflow/dags/financial_dag.py
[2026-01-27T00:49:55.412+0000] {processor.py:830} INFO - Processing file /opt/airflow/dags/financial_dag.py for tasks to queue
[2026-01-27T00:49:55.413+0000] {logging_mixin.py:188} INFO - [2026-01-27T00:49:55.413+0000] {dagbag.py:538} INFO - Filling up the DagBag from /opt/airflow/dags/financial_dag.py
[2026-01-27T00:49:55.426+0000] {processor.py:840} INFO - DAG(s) 'financial_final_prod_v6' retrieved from /opt/airflow/dags/financial_dag.py
[2026-01-27T00:49:55.445+0000] {logging_mixin.py:188} INFO - [2026-01-27T00:49:55.445+0000] {dag.py:3036} INFO - Sync 1 DAGs
[2026-01-27T00:49:55.453+0000] {logging_mixin.py:188} INFO - [2026-01-27T00:49:55.453+0000] {dag.py:3823} INFO - Setting next_dagrun for financial_final_prod_v6 to None, run_after=None
[2026-01-27T00:49:55.465+0000] {processor.py:183} INFO - Processing /opt/airflow/dags/financial_dag.py took 0.056 seconds
[2026-01-27T00:50:25.584+0000] {processor.py:161} INFO - Started process (PID=243) to work on /opt/airflow/dags/financial_dag.py
[2026-01-27T00:50:25.585+0000] {processor.py:830} INFO - Processing file /opt/airflow/dags/financial_dag.py for tasks to queue
[2026-01-27T00:50:25.586+0000] {logging_mixin.py:188} INFO - [2026-01-27T00:50:25.586+0000] {dagbag.py:538} INFO - Filling up the DagBag from /opt/airflow/dags/financial_dag.py
[2026-01-27T00:50:25.604+0000] {processor.py:840} INFO - DAG(s) 'financial_final_prod_v6' retrieved from /opt/airflow/dags/financial_dag.py
[2026-01-27T00:50:25.624+0000] {logging_mixin.py:188} INFO - [2026-01-27T00:50:25.624+0000] {dag.py:3036} INFO - Sync 1 DAGs
[2026-01-27T00:50:25.634+0000] {logging_mixin.py:188} INFO - [2026-01-27T00:50:25.633+0000] {dag.py:3823} INFO - Setting next_dagrun for financial_final_prod_v6 to None, run_after=None
[2026-01-27T00:50:25.650+0000] {processor.py:183} INFO - Processing /opt/airflow/dags/financial_dag.py took 0.067 seconds
[2026-01-27T00:50:55.824+0000] {processor.py:161} INFO - Started process (PID=248) to work on /opt/airflow/dags/financial_dag.py
[2026-01-27T00:50:55.825+0000] {processor.py:830} INFO - Processing file /opt/airflow/dags/financial_dag.py for tasks to queue
[2026-01-27T00:50:55.826+0000] {logging_mixin.py:188} INFO - [2026-01-27T00:50:55.826+0000] {dagbag.py:538} INFO - Filling up the DagBag from /opt/airflow/dags/financial_dag.py
[2026-01-27T00:50:55.842+0000] {processor.py:840} INFO - DAG(s) 'financial_final_prod_v6' retrieved from /opt/airflow/dags/financial_dag.py
[2026-01-27T00:50:55.915+0000] {logging_mixin.py:188} INFO - [2026-01-27T00:50:55.915+0000] {dag.py:3036} INFO - Sync 1 DAGs
[2026-01-27T00:50:55.926+0000] {logging_mixin.py:188} INFO - [2026-01-27T00:50:55.926+0000] {dag.py:3823} INFO - Setting next_dagrun for financial_final_prod_v6 to None, run_after=None
[2026-01-27T00:50:55.944+0000] {processor.py:183} INFO - Processing /opt/airflow/dags/financial_dag.py took 0.122 seconds
[2026-01-27T00:51:25.996+0000] {processor.py:161} INFO - Started process (PID=253) to work on /opt/airflow/dags/financial_dag.py
[2026-01-27T00:51:25.998+0000] {processor.py:830} INFO - Processing file /opt/airflow/dags/financial_dag.py for tasks to queue
[2026-01-27T00:51:25.998+0000] {logging_mixin.py:188} INFO - [2026-01-27T00:51:25.998+0000] {dagbag.py:538} INFO - Filling up the DagBag from /opt/airflow/dags/financial_dag.py
[2026-01-27T00:51:26.013+0000] {processor.py:840} INFO - DAG(s) 'financial_final_prod_v6' retrieved from /opt/airflow/dags/financial_dag.py
[2026-01-27T00:51:26.035+0000] {logging_mixin.py:188} INFO - [2026-01-27T00:51:26.034+0000] {dag.py:3036} INFO - Sync 1 DAGs
[2026-01-27T00:51:26.044+0000] {logging_mixin.py:188} INFO - [2026-01-27T00:51:26.044+0000] {dag.py:3823} INFO - Setting next_dagrun for financial_final_prod_v6 to None, run_after=None
[2026-01-27T00:51:26.062+0000] {processor.py:183} INFO - Processing /opt/airflow/dags/financial_dag.py took 0.068 seconds
[2026-01-27T00:51:56.164+0000] {processor.py:161} INFO - Started process (PID=258) to work on /opt/airflow/dags/financial_dag.py
[2026-01-27T00:51:56.165+0000] {processor.py:830} INFO - Processing file /opt/airflow/dags/financial_dag.py for tasks to queue
[2026-01-27T00:51:56.166+0000] {logging_mixin.py:188} INFO - [2026-01-27T00:51:56.166+0000] {dagbag.py:538} INFO - Filling up the DagBag from /opt/airflow/dags/financial_dag.py
[2026-01-27T00:51:56.183+0000] {processor.py:840} INFO - DAG(s) 'financial_final_prod_v6' retrieved from /opt/airflow/dags/financial_dag.py
[2026-01-27T00:51:56.211+0000] {logging_mixin.py:188} INFO - [2026-01-27T00:51:56.210+0000] {dag.py:3036} INFO - Sync 1 DAGs
[2026-01-27T00:51:56.221+0000] {logging_mixin.py:188} INFO - [2026-01-27T00:51:56.220+0000] {dag.py:3823} INFO - Setting next_dagrun for financial_final_prod_v6 to None, run_after=None
[2026-01-27T00:51:56.239+0000] {processor.py:183} INFO - Processing /opt/airflow/dags/financial_dag.py took 0.077 seconds
[2026-01-27T00:52:26.384+0000] {processor.py:161} INFO - Started process (PID=263) to work on /opt/airflow/dags/financial_dag.py
[2026-01-27T00:52:26.385+0000] {processor.py:830} INFO - Processing file /opt/airflow/dags/financial_dag.py for tasks to queue
[2026-01-27T00:52:26.386+0000] {logging_mixin.py:188} INFO - [2026-01-27T00:52:26.386+0000] {dagbag.py:538} INFO - Filling up the DagBag from /opt/airflow/dags/financial_dag.py
[2026-01-27T00:52:26.399+0000] {processor.py:840} INFO - DAG(s) 'financial_final_prod_v6' retrieved from /opt/airflow/dags/financial_dag.py
[2026-01-27T00:52:26.421+0000] {logging_mixin.py:188} INFO - [2026-01-27T00:52:26.420+0000] {dag.py:3036} INFO - Sync 1 DAGs
[2026-01-27T00:52:26.429+0000] {logging_mixin.py:188} INFO - [2026-01-27T00:52:26.429+0000] {dag.py:3823} INFO - Setting next_dagrun for financial_final_prod_v6 to None, run_after=None
[2026-01-27T00:52:26.443+0000] {processor.py:183} INFO - Processing /opt/airflow/dags/financial_dag.py took 0.061 seconds
[2026-01-27T00:52:56.582+0000] {processor.py:161} INFO - Started process (PID=268) to work on /opt/airflow/dags/financial_dag.py
[2026-01-27T00:52:56.583+0000] {processor.py:830} INFO - Processing file /opt/airflow/dags/financial_dag.py for tasks to queue
[2026-01-27T00:52:56.584+0000] {logging_mixin.py:188} INFO - [2026-01-27T00:52:56.584+0000] {dagbag.py:538} INFO - Filling up the DagBag from /opt/airflow/dags/financial_dag.py
[2026-01-27T00:52:56.601+0000] {processor.py:840} INFO - DAG(s) 'financial_final_prod_v6' retrieved from /opt/airflow/dags/financial_dag.py
[2026-01-27T00:52:56.624+0000] {logging_mixin.py:188} INFO - [2026-01-27T00:52:56.624+0000] {dag.py:3036} INFO - Sync 1 DAGs
[2026-01-27T00:52:56.634+0000] {logging_mixin.py:188} INFO - [2026-01-27T00:52:56.634+0000] {dag.py:3823} INFO - Setting next_dagrun for financial_final_prod_v6 to None, run_after=None
[2026-01-27T00:52:56.649+0000] {processor.py:183} INFO - Processing /opt/airflow/dags/financial_dag.py took 0.069 seconds
[2026-01-27T00:53:26.786+0000] {processor.py:161} INFO - Started process (PID=273) to work on /opt/airflow/dags/financial_dag.py
[2026-01-27T00:53:26.787+0000] {processor.py:830} INFO - Processing file /opt/airflow/dags/financial_dag.py for tasks to queue
[2026-01-27T00:53:26.788+0000] {logging_mixin.py:188} INFO - [2026-01-27T00:53:26.787+0000] {dagbag.py:538} INFO - Filling up the DagBag from /opt/airflow/dags/financial_dag.py
[2026-01-27T00:53:26.803+0000] {processor.py:840} INFO - DAG(s) 'financial_final_prod_v6' retrieved from /opt/airflow/dags/financial_dag.py
[2026-01-27T00:53:26.826+0000] {logging_mixin.py:188} INFO - [2026-01-27T00:53:26.826+0000] {dag.py:3036} INFO - Sync 1 DAGs
[2026-01-27T00:53:26.836+0000] {logging_mixin.py:188} INFO - [2026-01-27T00:53:26.836+0000] {dag.py:3823} INFO - Setting next_dagrun for financial_final_prod_v6 to None, run_after=None
[2026-01-27T00:53:26.850+0000] {processor.py:183} INFO - Processing /opt/airflow/dags/financial_dag.py took 0.067 seconds
[2026-01-27T00:53:56.985+0000] {processor.py:161} INFO - Started process (PID=278) to work on /opt/airflow/dags/financial_dag.py
[2026-01-27T00:53:56.986+0000] {processor.py:830} INFO - Processing file /opt/airflow/dags/financial_dag.py for tasks to queue
[2026-01-27T00:53:56.986+0000] {logging_mixin.py:188} INFO - [2026-01-27T00:53:56.986+0000] {dagbag.py:538} INFO - Filling up the DagBag from /opt/airflow/dags/financial_dag.py
[2026-01-27T00:53:57.001+0000] {processor.py:840} INFO - DAG(s) 'financial_final_prod_v6' retrieved from /opt/airflow/dags/financial_dag.py
[2026-01-27T00:53:57.022+0000] {logging_mixin.py:188} INFO - [2026-01-27T00:53:57.022+0000] {dag.py:3036} INFO - Sync 1 DAGs
[2026-01-27T00:53:57.031+0000] {logging_mixin.py:188} INFO - [2026-01-27T00:53:57.030+0000] {dag.py:3823} INFO - Setting next_dagrun for financial_final_prod_v6 to None, run_after=None
[2026-01-27T00:53:57.046+0000] {processor.py:183} INFO - Processing /opt/airflow/dags/financial_dag.py took 0.063 seconds
[2026-01-27T00:54:27.176+0000] {processor.py:161} INFO - Started process (PID=283) to work on /opt/airflow/dags/financial_dag.py
[2026-01-27T00:54:27.176+0000] {processor.py:830} INFO - Processing file /opt/airflow/dags/financial_dag.py for tasks to queue
[2026-01-27T00:54:27.178+0000] {logging_mixin.py:188} INFO - [2026-01-27T00:54:27.177+0000] {dagbag.py:538} INFO - Filling up the DagBag from /opt/airflow/dags/financial_dag.py
[2026-01-27T00:54:27.191+0000] {processor.py:840} INFO - DAG(s) 'financial_final_prod_v6' retrieved from /opt/airflow/dags/financial_dag.py
[2026-01-27T00:54:27.213+0000] {logging_mixin.py:188} INFO - [2026-01-27T00:54:27.213+0000] {dag.py:3036} INFO - Sync 1 DAGs
[2026-01-27T00:54:27.222+0000] {logging_mixin.py:188} INFO - [2026-01-27T00:54:27.222+0000] {dag.py:3823} INFO - Setting next_dagrun for financial_final_prod_v6 to None, run_after=None
[2026-01-27T00:54:27.236+0000] {processor.py:183} INFO - Processing /opt/airflow/dags/financial_dag.py took 0.062 seconds
[2026-01-27T00:54:57.354+0000] {processor.py:161} INFO - Started process (PID=288) to work on /opt/airflow/dags/financial_dag.py
[2026-01-27T00:54:57.355+0000] {processor.py:830} INFO - Processing file /opt/airflow/dags/financial_dag.py for tasks to queue
[2026-01-27T00:54:57.355+0000] {logging_mixin.py:188} INFO - [2026-01-27T00:54:57.355+0000] {dagbag.py:538} INFO - Filling up the DagBag from /opt/airflow/dags/financial_dag.py
[2026-01-27T00:54:57.370+0000] {processor.py:840} INFO - DAG(s) 'financial_final_prod_v6' retrieved from /opt/airflow/dags/financial_dag.py
[2026-01-27T00:54:57.392+0000] {logging_mixin.py:188} INFO - [2026-01-27T00:54:57.392+0000] {dag.py:3036} INFO - Sync 1 DAGs
[2026-01-27T00:54:57.401+0000] {logging_mixin.py:188} INFO - [2026-01-27T00:54:57.401+0000] {dag.py:3823} INFO - Setting next_dagrun for financial_final_prod_v6 to None, run_after=None
[2026-01-27T00:54:57.417+0000] {processor.py:183} INFO - Processing /opt/airflow/dags/financial_dag.py took 0.065 seconds
[2026-01-27T00:55:27.575+0000] {processor.py:161} INFO - Started process (PID=293) to work on /opt/airflow/dags/financial_dag.py
[2026-01-27T00:55:27.577+0000] {processor.py:830} INFO - Processing file /opt/airflow/dags/financial_dag.py for tasks to queue
[2026-01-27T00:55:27.579+0000] {logging_mixin.py:188} INFO - [2026-01-27T00:55:27.578+0000] {dagbag.py:538} INFO - Filling up the DagBag from /opt/airflow/dags/financial_dag.py
[2026-01-27T00:55:27.604+0000] {processor.py:840} INFO - DAG(s) 'financial_final_prod_v6' retrieved from /opt/airflow/dags/financial_dag.py
[2026-01-27T00:55:27.636+0000] {logging_mixin.py:188} INFO - [2026-01-27T00:55:27.636+0000] {dag.py:3036} INFO - Sync 1 DAGs
[2026-01-27T00:55:27.649+0000] {logging_mixin.py:188} INFO - [2026-01-27T00:55:27.649+0000] {dag.py:3823} INFO - Setting next_dagrun for financial_final_prod_v6 to None, run_after=None
[2026-01-27T00:55:27.672+0000] {processor.py:183} INFO - Processing /opt/airflow/dags/financial_dag.py took 0.100 seconds
[2026-01-27T00:55:57.753+0000] {processor.py:161} INFO - Started process (PID=298) to work on /opt/airflow/dags/financial_dag.py
[2026-01-27T00:55:57.754+0000] {processor.py:830} INFO - Processing file /opt/airflow/dags/financial_dag.py for tasks to queue
[2026-01-27T00:55:57.754+0000] {logging_mixin.py:188} INFO - [2026-01-27T00:55:57.754+0000] {dagbag.py:538} INFO - Filling up the DagBag from /opt/airflow/dags/financial_dag.py
[2026-01-27T00:55:57.770+0000] {processor.py:840} INFO - DAG(s) 'financial_final_prod_v6' retrieved from /opt/airflow/dags/financial_dag.py
[2026-01-27T00:55:57.794+0000] {logging_mixin.py:188} INFO - [2026-01-27T00:55:57.794+0000] {dag.py:3036} INFO - Sync 1 DAGs
[2026-01-27T00:55:57.803+0000] {logging_mixin.py:188} INFO - [2026-01-27T00:55:57.803+0000] {dag.py:3823} INFO - Setting next_dagrun for financial_final_prod_v6 to None, run_after=None
[2026-01-27T00:55:57.817+0000] {processor.py:183} INFO - Processing /opt/airflow/dags/financial_dag.py took 0.066 seconds
[2026-01-27T00:56:28.016+0000] {processor.py:161} INFO - Started process (PID=303) to work on /opt/airflow/dags/financial_dag.py
[2026-01-27T00:56:28.017+0000] {processor.py:830} INFO - Processing file /opt/airflow/dags/financial_dag.py for tasks to queue
[2026-01-27T00:56:28.018+0000] {logging_mixin.py:188} INFO - [2026-01-27T00:56:28.018+0000] {dagbag.py:538} INFO - Filling up the DagBag from /opt/airflow/dags/financial_dag.py
[2026-01-27T00:56:28.033+0000] {processor.py:840} INFO - DAG(s) 'financial_final_prod_v6' retrieved from /opt/airflow/dags/financial_dag.py
[2026-01-27T00:56:28.057+0000] {logging_mixin.py:188} INFO - [2026-01-27T00:56:28.057+0000] {dag.py:3036} INFO - Sync 1 DAGs
[2026-01-27T00:56:28.068+0000] {logging_mixin.py:188} INFO - [2026-01-27T00:56:28.068+0000] {dag.py:3823} INFO - Setting next_dagrun for financial_final_prod_v6 to None, run_after=None
[2026-01-27T00:56:28.082+0000] {processor.py:183} INFO - Processing /opt/airflow/dags/financial_dag.py took 0.068 seconds
[2026-01-27T00:56:58.189+0000] {processor.py:161} INFO - Started process (PID=308) to work on /opt/airflow/dags/financial_dag.py
[2026-01-27T00:56:58.190+0000] {processor.py:830} INFO - Processing file /opt/airflow/dags/financial_dag.py for tasks to queue
[2026-01-27T00:56:58.191+0000] {logging_mixin.py:188} INFO - [2026-01-27T00:56:58.190+0000] {dagbag.py:538} INFO - Filling up the DagBag from /opt/airflow/dags/financial_dag.py
[2026-01-27T00:56:58.204+0000] {processor.py:840} INFO - DAG(s) 'financial_final_prod_v6' retrieved from /opt/airflow/dags/financial_dag.py
[2026-01-27T00:56:58.229+0000] {logging_mixin.py:188} INFO - [2026-01-27T00:56:58.229+0000] {dag.py:3036} INFO - Sync 1 DAGs
[2026-01-27T00:56:58.239+0000] {logging_mixin.py:188} INFO - [2026-01-27T00:56:58.239+0000] {dag.py:3823} INFO - Setting next_dagrun for financial_final_prod_v6 to None, run_after=None
[2026-01-27T00:56:58.253+0000] {processor.py:183} INFO - Processing /opt/airflow/dags/financial_dag.py took 0.066 seconds
[2026-01-27T00:57:28.423+0000] {processor.py:161} INFO - Started process (PID=313) to work on /opt/airflow/dags/financial_dag.py
[2026-01-27T00:57:28.424+0000] {processor.py:830} INFO - Processing file /opt/airflow/dags/financial_dag.py for tasks to queue
[2026-01-27T00:57:28.425+0000] {logging_mixin.py:188} INFO - [2026-01-27T00:57:28.424+0000] {dagbag.py:538} INFO - Filling up the DagBag from /opt/airflow/dags/financial_dag.py
[2026-01-27T00:57:28.437+0000] {processor.py:840} INFO - DAG(s) 'financial_final_prod_v6' retrieved from /opt/airflow/dags/financial_dag.py
[2026-01-27T00:57:28.458+0000] {logging_mixin.py:188} INFO - [2026-01-27T00:57:28.457+0000] {dag.py:3036} INFO - Sync 1 DAGs
[2026-01-27T00:57:28.467+0000] {logging_mixin.py:188} INFO - [2026-01-27T00:57:28.467+0000] {dag.py:3823} INFO - Setting next_dagrun for financial_final_prod_v6 to None, run_after=None
[2026-01-27T00:57:28.482+0000] {processor.py:183} INFO - Processing /opt/airflow/dags/financial_dag.py took 0.061 seconds
[2026-01-27T00:57:58.609+0000] {processor.py:161} INFO - Started process (PID=318) to work on /opt/airflow/dags/financial_dag.py
[2026-01-27T00:57:58.610+0000] {processor.py:830} INFO - Processing file /opt/airflow/dags/financial_dag.py for tasks to queue
[2026-01-27T00:57:58.612+0000] {logging_mixin.py:188} INFO - [2026-01-27T00:57:58.611+0000] {dagbag.py:538} INFO - Filling up the DagBag from /opt/airflow/dags/financial_dag.py
[2026-01-27T00:57:58.632+0000] {processor.py:840} INFO - DAG(s) 'financial_final_prod_v6' retrieved from /opt/airflow/dags/financial_dag.py
[2026-01-27T00:57:58.660+0000] {logging_mixin.py:188} INFO - [2026-01-27T00:57:58.660+0000] {dag.py:3036} INFO - Sync 1 DAGs
[2026-01-27T00:57:58.671+0000] {logging_mixin.py:188} INFO - [2026-01-27T00:57:58.671+0000] {dag.py:3823} INFO - Setting next_dagrun for financial_final_prod_v6 to None, run_after=None
[2026-01-27T00:57:58.689+0000] {processor.py:183} INFO - Processing /opt/airflow/dags/financial_dag.py took 0.085 seconds
[2026-01-27T00:58:28.871+0000] {processor.py:161} INFO - Started process (PID=323) to work on /opt/airflow/dags/financial_dag.py
[2026-01-27T00:58:28.876+0000] {processor.py:830} INFO - Processing file /opt/airflow/dags/financial_dag.py for tasks to queue
[2026-01-27T00:58:28.883+0000] {logging_mixin.py:188} INFO - [2026-01-27T00:58:28.881+0000] {dagbag.py:538} INFO - Filling up the DagBag from /opt/airflow/dags/financial_dag.py
[2026-01-27T00:58:28.937+0000] {processor.py:840} INFO - DAG(s) 'financial_final_prod_v6' retrieved from /opt/airflow/dags/financial_dag.py
[2026-01-27T00:58:28.986+0000] {logging_mixin.py:188} INFO - [2026-01-27T00:58:28.985+0000] {dag.py:3036} INFO - Sync 1 DAGs
[2026-01-27T00:58:29.010+0000] {logging_mixin.py:188} INFO - [2026-01-27T00:58:29.010+0000] {dag.py:3823} INFO - Setting next_dagrun for financial_final_prod_v6 to None, run_after=None
[2026-01-27T00:58:29.029+0000] {processor.py:183} INFO - Processing /opt/airflow/dags/financial_dag.py took 0.178 seconds
[2026-01-27T00:58:59.070+0000] {processor.py:161} INFO - Started process (PID=328) to work on /opt/airflow/dags/financial_dag.py
[2026-01-27T00:58:59.071+0000] {processor.py:830} INFO - Processing file /opt/airflow/dags/financial_dag.py for tasks to queue
[2026-01-27T00:58:59.072+0000] {logging_mixin.py:188} INFO - [2026-01-27T00:58:59.071+0000] {dagbag.py:538} INFO - Filling up the DagBag from /opt/airflow/dags/financial_dag.py
[2026-01-27T00:58:59.096+0000] {processor.py:840} INFO - DAG(s) 'financial_final_prod_v6' retrieved from /opt/airflow/dags/financial_dag.py
[2026-01-27T00:58:59.134+0000] {logging_mixin.py:188} INFO - [2026-01-27T00:58:59.134+0000] {dag.py:3036} INFO - Sync 1 DAGs
[2026-01-27T00:58:59.151+0000] {logging_mixin.py:188} INFO - [2026-01-27T00:58:59.151+0000] {dag.py:3823} INFO - Setting next_dagrun for financial_final_prod_v6 to None, run_after=None
[2026-01-27T00:58:59.175+0000] {processor.py:183} INFO - Processing /opt/airflow/dags/financial_dag.py took 0.109 seconds
[2026-01-27T00:59:29.358+0000] {processor.py:161} INFO - Started process (PID=333) to work on /opt/airflow/dags/financial_dag.py
[2026-01-27T00:59:29.359+0000] {processor.py:830} INFO - Processing file /opt/airflow/dags/financial_dag.py for tasks to queue
[2026-01-27T00:59:29.360+0000] {logging_mixin.py:188} INFO - [2026-01-27T00:59:29.359+0000] {dagbag.py:538} INFO - Filling up the DagBag from /opt/airflow/dags/financial_dag.py
[2026-01-27T00:59:29.389+0000] {processor.py:840} INFO - DAG(s) 'financial_final_prod_v6' retrieved from /opt/airflow/dags/financial_dag.py
[2026-01-27T00:59:29.428+0000] {logging_mixin.py:188} INFO - [2026-01-27T00:59:29.428+0000] {dag.py:3036} INFO - Sync 1 DAGs
[2026-01-27T00:59:29.444+0000] {logging_mixin.py:188} INFO - [2026-01-27T00:59:29.444+0000] {dag.py:3823} INFO - Setting next_dagrun for financial_final_prod_v6 to None, run_after=None
[2026-01-27T00:59:29.464+0000] {processor.py:183} INFO - Processing /opt/airflow/dags/financial_dag.py took 0.115 seconds
[2026-01-27T00:59:59.529+0000] {processor.py:161} INFO - Started process (PID=338) to work on /opt/airflow/dags/financial_dag.py
[2026-01-27T00:59:59.530+0000] {processor.py:830} INFO - Processing file /opt/airflow/dags/financial_dag.py for tasks to queue
[2026-01-27T00:59:59.531+0000] {logging_mixin.py:188} INFO - [2026-01-27T00:59:59.530+0000] {dagbag.py:538} INFO - Filling up the DagBag from /opt/airflow/dags/financial_dag.py
[2026-01-27T00:59:59.548+0000] {processor.py:840} INFO - DAG(s) 'financial_final_prod_v6' retrieved from /opt/airflow/dags/financial_dag.py
[2026-01-27T00:59:59.575+0000] {logging_mixin.py:188} INFO - [2026-01-27T00:59:59.574+0000] {dag.py:3036} INFO - Sync 1 DAGs
[2026-01-27T00:59:59.592+0000] {logging_mixin.py:188} INFO - [2026-01-27T00:59:59.592+0000] {dag.py:3823} INFO - Setting next_dagrun for financial_final_prod_v6 to None, run_after=None
[2026-01-27T00:59:59.612+0000] {processor.py:183} INFO - Processing /opt/airflow/dags/financial_dag.py took 0.086 seconds
[2026-01-27T01:00:29.788+0000] {processor.py:161} INFO - Started process (PID=343) to work on /opt/airflow/dags/financial_dag.py
[2026-01-27T01:00:29.790+0000] {processor.py:830} INFO - Processing file /opt/airflow/dags/financial_dag.py for tasks to queue
[2026-01-27T01:00:29.791+0000] {logging_mixin.py:188} INFO - [2026-01-27T01:00:29.790+0000] {dagbag.py:538} INFO - Filling up the DagBag from /opt/airflow/dags/financial_dag.py
[2026-01-27T01:00:29.809+0000] {processor.py:840} INFO - DAG(s) 'financial_final_prod_v6' retrieved from /opt/airflow/dags/financial_dag.py
[2026-01-27T01:00:29.833+0000] {logging_mixin.py:188} INFO - [2026-01-27T01:00:29.833+0000] {dag.py:3036} INFO - Sync 1 DAGs
[2026-01-27T01:00:29.844+0000] {logging_mixin.py:188} INFO - [2026-01-27T01:00:29.844+0000] {dag.py:3823} INFO - Setting next_dagrun for financial_final_prod_v6 to None, run_after=None
[2026-01-27T01:00:29.865+0000] {processor.py:183} INFO - Processing /opt/airflow/dags/financial_dag.py took 0.079 seconds
[2026-01-27T01:00:59.981+0000] {processor.py:161} INFO - Started process (PID=348) to work on /opt/airflow/dags/financial_dag.py
[2026-01-27T01:00:59.982+0000] {processor.py:830} INFO - Processing file /opt/airflow/dags/financial_dag.py for tasks to queue
[2026-01-27T01:00:59.982+0000] {logging_mixin.py:188} INFO - [2026-01-27T01:00:59.982+0000] {dagbag.py:538} INFO - Filling up the DagBag from /opt/airflow/dags/financial_dag.py
[2026-01-27T01:00:59.996+0000] {processor.py:840} INFO - DAG(s) 'financial_final_prod_v6' retrieved from /opt/airflow/dags/financial_dag.py
[2026-01-27T01:01:00.022+0000] {logging_mixin.py:188} INFO - [2026-01-27T01:01:00.022+0000] {dag.py:3036} INFO - Sync 1 DAGs
[2026-01-27T01:01:00.032+0000] {logging_mixin.py:188} INFO - [2026-01-27T01:01:00.032+0000] {dag.py:3823} INFO - Setting next_dagrun for financial_final_prod_v6 to None, run_after=None
[2026-01-27T01:01:00.050+0000] {processor.py:183} INFO - Processing /opt/airflow/dags/financial_dag.py took 0.072 seconds
[2026-01-27T01:01:30.191+0000] {processor.py:161} INFO - Started process (PID=353) to work on /opt/airflow/dags/financial_dag.py
[2026-01-27T01:01:30.191+0000] {processor.py:830} INFO - Processing file /opt/airflow/dags/financial_dag.py for tasks to queue
[2026-01-27T01:01:30.192+0000] {logging_mixin.py:188} INFO - [2026-01-27T01:01:30.192+0000] {dagbag.py:538} INFO - Filling up the DagBag from /opt/airflow/dags/financial_dag.py
[2026-01-27T01:01:30.206+0000] {processor.py:840} INFO - DAG(s) 'financial_final_prod_v6' retrieved from /opt/airflow/dags/financial_dag.py
[2026-01-27T01:01:30.226+0000] {logging_mixin.py:188} INFO - [2026-01-27T01:01:30.225+0000] {dag.py:3036} INFO - Sync 1 DAGs
[2026-01-27T01:01:30.240+0000] {logging_mixin.py:188} INFO - [2026-01-27T01:01:30.240+0000] {dag.py:3823} INFO - Setting next_dagrun for financial_final_prod_v6 to None, run_after=None
[2026-01-27T01:01:30.260+0000] {processor.py:183} INFO - Processing /opt/airflow/dags/financial_dag.py took 0.072 seconds
[2026-01-27T01:02:00.367+0000] {processor.py:161} INFO - Started process (PID=358) to work on /opt/airflow/dags/financial_dag.py
[2026-01-27T01:02:00.368+0000] {processor.py:830} INFO - Processing file /opt/airflow/dags/financial_dag.py for tasks to queue
[2026-01-27T01:02:00.368+0000] {logging_mixin.py:188} INFO - [2026-01-27T01:02:00.368+0000] {dagbag.py:538} INFO - Filling up the DagBag from /opt/airflow/dags/financial_dag.py
[2026-01-27T01:02:00.381+0000] {processor.py:840} INFO - DAG(s) 'financial_final_prod_v6' retrieved from /opt/airflow/dags/financial_dag.py
[2026-01-27T01:02:00.400+0000] {logging_mixin.py:188} INFO - [2026-01-27T01:02:00.400+0000] {dag.py:3036} INFO - Sync 1 DAGs
[2026-01-27T01:02:00.407+0000] {logging_mixin.py:188} INFO - [2026-01-27T01:02:00.407+0000] {dag.py:3823} INFO - Setting next_dagrun for financial_final_prod_v6 to None, run_after=None
[2026-01-27T01:02:00.423+0000] {processor.py:183} INFO - Processing /opt/airflow/dags/financial_dag.py took 0.058 seconds
[2026-01-27T01:02:30.576+0000] {processor.py:161} INFO - Started process (PID=363) to work on /opt/airflow/dags/financial_dag.py
[2026-01-27T01:02:30.577+0000] {processor.py:830} INFO - Processing file /opt/airflow/dags/financial_dag.py for tasks to queue
[2026-01-27T01:02:30.577+0000] {logging_mixin.py:188} INFO - [2026-01-27T01:02:30.577+0000] {dagbag.py:538} INFO - Filling up the DagBag from /opt/airflow/dags/financial_dag.py
[2026-01-27T01:02:30.590+0000] {processor.py:840} INFO - DAG(s) 'financial_final_prod_v6' retrieved from /opt/airflow/dags/financial_dag.py
[2026-01-27T01:02:30.608+0000] {logging_mixin.py:188} INFO - [2026-01-27T01:02:30.608+0000] {dag.py:3036} INFO - Sync 1 DAGs
[2026-01-27T01:02:30.616+0000] {logging_mixin.py:188} INFO - [2026-01-27T01:02:30.616+0000] {dag.py:3823} INFO - Setting next_dagrun for financial_final_prod_v6 to None, run_after=None
[2026-01-27T01:02:30.631+0000] {processor.py:183} INFO - Processing /opt/airflow/dags/financial_dag.py took 0.057 seconds
[2026-01-27T01:03:00.755+0000] {processor.py:161} INFO - Started process (PID=368) to work on /opt/airflow/dags/financial_dag.py
[2026-01-27T01:03:00.755+0000] {processor.py:830} INFO - Processing file /opt/airflow/dags/financial_dag.py for tasks to queue
[2026-01-27T01:03:00.756+0000] {logging_mixin.py:188} INFO - [2026-01-27T01:03:00.756+0000] {dagbag.py:538} INFO - Filling up the DagBag from /opt/airflow/dags/financial_dag.py
[2026-01-27T01:03:00.770+0000] {processor.py:840} INFO - DAG(s) 'financial_final_prod_v6' retrieved from /opt/airflow/dags/financial_dag.py
[2026-01-27T01:03:00.788+0000] {logging_mixin.py:188} INFO - [2026-01-27T01:03:00.788+0000] {dag.py:3036} INFO - Sync 1 DAGs
[2026-01-27T01:03:00.797+0000] {logging_mixin.py:188} INFO - [2026-01-27T01:03:00.797+0000] {dag.py:3823} INFO - Setting next_dagrun for financial_final_prod_v6 to None, run_after=None
[2026-01-27T01:03:00.812+0000] {processor.py:183} INFO - Processing /opt/airflow/dags/financial_dag.py took 0.060 seconds
[2026-01-27T01:03:30.978+0000] {processor.py:161} INFO - Started process (PID=373) to work on /opt/airflow/dags/financial_dag.py
[2026-01-27T01:03:30.979+0000] {processor.py:830} INFO - Processing file /opt/airflow/dags/financial_dag.py for tasks to queue
[2026-01-27T01:03:30.979+0000] {logging_mixin.py:188} INFO - [2026-01-27T01:03:30.979+0000] {dagbag.py:538} INFO - Filling up the DagBag from /opt/airflow/dags/financial_dag.py
[2026-01-27T01:03:30.996+0000] {processor.py:840} INFO - DAG(s) 'financial_final_prod_v6' retrieved from /opt/airflow/dags/financial_dag.py
[2026-01-27T01:03:31.023+0000] {logging_mixin.py:188} INFO - [2026-01-27T01:03:31.023+0000] {dag.py:3036} INFO - Sync 1 DAGs
[2026-01-27T01:03:31.034+0000] {logging_mixin.py:188} INFO - [2026-01-27T01:03:31.034+0000] {dag.py:3823} INFO - Setting next_dagrun for financial_final_prod_v6 to None, run_after=None
[2026-01-27T01:03:31.052+0000] {processor.py:183} INFO - Processing /opt/airflow/dags/financial_dag.py took 0.077 seconds
[2026-01-27T01:04:01.173+0000] {processor.py:161} INFO - Started process (PID=378) to work on /opt/airflow/dags/financial_dag.py
[2026-01-27T01:04:01.174+0000] {processor.py:830} INFO - Processing file /opt/airflow/dags/financial_dag.py for tasks to queue
[2026-01-27T01:04:01.174+0000] {logging_mixin.py:188} INFO - [2026-01-27T01:04:01.174+0000] {dagbag.py:538} INFO - Filling up the DagBag from /opt/airflow/dags/financial_dag.py
[2026-01-27T01:04:01.188+0000] {processor.py:840} INFO - DAG(s) 'financial_final_prod_v6' retrieved from /opt/airflow/dags/financial_dag.py
[2026-01-27T01:04:01.208+0000] {logging_mixin.py:188} INFO - [2026-01-27T01:04:01.208+0000] {dag.py:3036} INFO - Sync 1 DAGs
[2026-01-27T01:04:01.217+0000] {logging_mixin.py:188} INFO - [2026-01-27T01:04:01.217+0000] {dag.py:3823} INFO - Setting next_dagrun for financial_final_prod_v6 to None, run_after=None
[2026-01-27T01:04:01.231+0000] {processor.py:183} INFO - Processing /opt/airflow/dags/financial_dag.py took 0.061 seconds
[2026-01-27T01:04:31.393+0000] {processor.py:161} INFO - Started process (PID=383) to work on /opt/airflow/dags/financial_dag.py
[2026-01-27T01:04:31.394+0000] {processor.py:830} INFO - Processing file /opt/airflow/dags/financial_dag.py for tasks to queue
[2026-01-27T01:04:31.395+0000] {logging_mixin.py:188} INFO - [2026-01-27T01:04:31.395+0000] {dagbag.py:538} INFO - Filling up the DagBag from /opt/airflow/dags/financial_dag.py
[2026-01-27T01:04:31.412+0000] {processor.py:840} INFO - DAG(s) 'financial_final_prod_v6' retrieved from /opt/airflow/dags/financial_dag.py
[2026-01-27T01:04:31.435+0000] {logging_mixin.py:188} INFO - [2026-01-27T01:04:31.435+0000] {dag.py:3036} INFO - Sync 1 DAGs
[2026-01-27T01:04:31.445+0000] {logging_mixin.py:188} INFO - [2026-01-27T01:04:31.445+0000] {dag.py:3823} INFO - Setting next_dagrun for financial_final_prod_v6 to None, run_after=None
[2026-01-27T01:04:31.460+0000] {processor.py:183} INFO - Processing /opt/airflow/dags/financial_dag.py took 0.069 seconds
[2026-01-27T01:05:01.562+0000] {processor.py:161} INFO - Started process (PID=388) to work on /opt/airflow/dags/financial_dag.py
[2026-01-27T01:05:01.563+0000] {processor.py:830} INFO - Processing file /opt/airflow/dags/financial_dag.py for tasks to queue
[2026-01-27T01:05:01.564+0000] {logging_mixin.py:188} INFO - [2026-01-27T01:05:01.564+0000] {dagbag.py:538} INFO - Filling up the DagBag from /opt/airflow/dags/financial_dag.py
[2026-01-27T01:05:01.578+0000] {processor.py:840} INFO - DAG(s) 'financial_final_prod_v6' retrieved from /opt/airflow/dags/financial_dag.py
[2026-01-27T01:05:01.600+0000] {logging_mixin.py:188} INFO - [2026-01-27T01:05:01.600+0000] {dag.py:3036} INFO - Sync 1 DAGs
[2026-01-27T01:05:01.610+0000] {logging_mixin.py:188} INFO - [2026-01-27T01:05:01.609+0000] {dag.py:3823} INFO - Setting next_dagrun for financial_final_prod_v6 to None, run_after=None
[2026-01-27T01:05:01.630+0000] {processor.py:183} INFO - Processing /opt/airflow/dags/financial_dag.py took 0.071 seconds
[2026-01-27T01:05:31.811+0000] {processor.py:161} INFO - Started process (PID=393) to work on /opt/airflow/dags/financial_dag.py
[2026-01-27T01:05:31.812+0000] {processor.py:830} INFO - Processing file /opt/airflow/dags/financial_dag.py for tasks to queue
[2026-01-27T01:05:31.813+0000] {logging_mixin.py:188} INFO - [2026-01-27T01:05:31.812+0000] {dagbag.py:538} INFO - Filling up the DagBag from /opt/airflow/dags/financial_dag.py
[2026-01-27T01:05:31.830+0000] {processor.py:840} INFO - DAG(s) 'financial_final_prod_v6' retrieved from /opt/airflow/dags/financial_dag.py
[2026-01-27T01:05:31.860+0000] {logging_mixin.py:188} INFO - [2026-01-27T01:05:31.860+0000] {dag.py:3036} INFO - Sync 1 DAGs
[2026-01-27T01:05:31.871+0000] {logging_mixin.py:188} INFO - [2026-01-27T01:05:31.870+0000] {dag.py:3823} INFO - Setting next_dagrun for financial_final_prod_v6 to None, run_after=None
[2026-01-27T01:05:31.885+0000] {processor.py:183} INFO - Processing /opt/airflow/dags/financial_dag.py took 0.079 seconds
[2026-01-27T01:06:01.988+0000] {processor.py:161} INFO - Started process (PID=398) to work on /opt/airflow/dags/financial_dag.py
[2026-01-27T01:06:01.989+0000] {processor.py:830} INFO - Processing file /opt/airflow/dags/financial_dag.py for tasks to queue
[2026-01-27T01:06:01.990+0000] {logging_mixin.py:188} INFO - [2026-01-27T01:06:01.989+0000] {dagbag.py:538} INFO - Filling up the DagBag from /opt/airflow/dags/financial_dag.py
[2026-01-27T01:06:02.003+0000] {processor.py:840} INFO - DAG(s) 'financial_final_prod_v6' retrieved from /opt/airflow/dags/financial_dag.py
[2026-01-27T01:06:02.024+0000] {logging_mixin.py:188} INFO - [2026-01-27T01:06:02.024+0000] {dag.py:3036} INFO - Sync 1 DAGs
[2026-01-27T01:06:02.033+0000] {logging_mixin.py:188} INFO - [2026-01-27T01:06:02.032+0000] {dag.py:3823} INFO - Setting next_dagrun for financial_final_prod_v6 to None, run_after=None
[2026-01-27T01:06:02.045+0000] {processor.py:183} INFO - Processing /opt/airflow/dags/financial_dag.py took 0.059 seconds
[2026-01-27T01:06:32.209+0000] {processor.py:161} INFO - Started process (PID=403) to work on /opt/airflow/dags/financial_dag.py
[2026-01-27T01:06:32.210+0000] {processor.py:830} INFO - Processing file /opt/airflow/dags/financial_dag.py for tasks to queue
[2026-01-27T01:06:32.210+0000] {logging_mixin.py:188} INFO - [2026-01-27T01:06:32.210+0000] {dagbag.py:538} INFO - Filling up the DagBag from /opt/airflow/dags/financial_dag.py
[2026-01-27T01:06:32.223+0000] {processor.py:840} INFO - DAG(s) 'financial_final_prod_v6' retrieved from /opt/airflow/dags/financial_dag.py
[2026-01-27T01:06:32.243+0000] {logging_mixin.py:188} INFO - [2026-01-27T01:06:32.243+0000] {dag.py:3036} INFO - Sync 1 DAGs
[2026-01-27T01:06:32.253+0000] {logging_mixin.py:188} INFO - [2026-01-27T01:06:32.252+0000] {dag.py:3823} INFO - Setting next_dagrun for financial_final_prod_v6 to None, run_after=None
[2026-01-27T01:06:32.268+0000] {processor.py:183} INFO - Processing /opt/airflow/dags/financial_dag.py took 0.061 seconds
[2026-01-27T01:07:02.385+0000] {processor.py:161} INFO - Started process (PID=408) to work on /opt/airflow/dags/financial_dag.py
[2026-01-27T01:07:02.386+0000] {processor.py:830} INFO - Processing file /opt/airflow/dags/financial_dag.py for tasks to queue
[2026-01-27T01:07:02.387+0000] {logging_mixin.py:188} INFO - [2026-01-27T01:07:02.387+0000] {dagbag.py:538} INFO - Filling up the DagBag from /opt/airflow/dags/financial_dag.py
[2026-01-27T01:07:02.403+0000] {processor.py:840} INFO - DAG(s) 'financial_final_prod_v6' retrieved from /opt/airflow/dags/financial_dag.py
[2026-01-27T01:07:02.425+0000] {logging_mixin.py:188} INFO - [2026-01-27T01:07:02.425+0000] {dag.py:3036} INFO - Sync 1 DAGs
[2026-01-27T01:07:02.434+0000] {logging_mixin.py:188} INFO - [2026-01-27T01:07:02.434+0000] {dag.py:3823} INFO - Setting next_dagrun for financial_final_prod_v6 to None, run_after=None
[2026-01-27T01:07:02.451+0000] {processor.py:183} INFO - Processing /opt/airflow/dags/financial_dag.py took 0.068 seconds
[2026-01-27T01:07:32.583+0000] {processor.py:161} INFO - Started process (PID=413) to work on /opt/airflow/dags/financial_dag.py
[2026-01-27T01:07:32.583+0000] {processor.py:830} INFO - Processing file /opt/airflow/dags/financial_dag.py for tasks to queue
[2026-01-27T01:07:32.584+0000] {logging_mixin.py:188} INFO - [2026-01-27T01:07:32.584+0000] {dagbag.py:538} INFO - Filling up the DagBag from /opt/airflow/dags/financial_dag.py
[2026-01-27T01:07:32.596+0000] {processor.py:840} INFO - DAG(s) 'financial_final_prod_v6' retrieved from /opt/airflow/dags/financial_dag.py
[2026-01-27T01:07:32.617+0000] {logging_mixin.py:188} INFO - [2026-01-27T01:07:32.617+0000] {dag.py:3036} INFO - Sync 1 DAGs
[2026-01-27T01:07:32.627+0000] {logging_mixin.py:188} INFO - [2026-01-27T01:07:32.626+0000] {dag.py:3823} INFO - Setting next_dagrun for financial_final_prod_v6 to None, run_after=None
[2026-01-27T01:07:32.641+0000] {processor.py:183} INFO - Processing /opt/airflow/dags/financial_dag.py took 0.060 seconds
[2026-01-27T01:08:02.770+0000] {processor.py:161} INFO - Started process (PID=418) to work on /opt/airflow/dags/financial_dag.py
[2026-01-27T01:08:02.770+0000] {processor.py:830} INFO - Processing file /opt/airflow/dags/financial_dag.py for tasks to queue
[2026-01-27T01:08:02.771+0000] {logging_mixin.py:188} INFO - [2026-01-27T01:08:02.771+0000] {dagbag.py:538} INFO - Filling up the DagBag from /opt/airflow/dags/financial_dag.py
[2026-01-27T01:08:02.784+0000] {processor.py:840} INFO - DAG(s) 'financial_final_prod_v6' retrieved from /opt/airflow/dags/financial_dag.py
[2026-01-27T01:08:02.805+0000] {logging_mixin.py:188} INFO - [2026-01-27T01:08:02.805+0000] {dag.py:3036} INFO - Sync 1 DAGs
[2026-01-27T01:08:02.814+0000] {logging_mixin.py:188} INFO - [2026-01-27T01:08:02.814+0000] {dag.py:3823} INFO - Setting next_dagrun for financial_final_prod_v6 to None, run_after=None
[2026-01-27T01:08:02.828+0000] {processor.py:183} INFO - Processing /opt/airflow/dags/financial_dag.py took 0.061 seconds
[2026-01-27T01:08:32.985+0000] {processor.py:161} INFO - Started process (PID=423) to work on /opt/airflow/dags/financial_dag.py
[2026-01-27T01:08:32.985+0000] {processor.py:830} INFO - Processing file /opt/airflow/dags/financial_dag.py for tasks to queue
[2026-01-27T01:08:32.986+0000] {logging_mixin.py:188} INFO - [2026-01-27T01:08:32.986+0000] {dagbag.py:538} INFO - Filling up the DagBag from /opt/airflow/dags/financial_dag.py
[2026-01-27T01:08:32.999+0000] {processor.py:840} INFO - DAG(s) 'financial_final_prod_v6' retrieved from /opt/airflow/dags/financial_dag.py
[2026-01-27T01:08:33.019+0000] {logging_mixin.py:188} INFO - [2026-01-27T01:08:33.019+0000] {dag.py:3036} INFO - Sync 1 DAGs
[2026-01-27T01:08:33.027+0000] {logging_mixin.py:188} INFO - [2026-01-27T01:08:33.027+0000] {dag.py:3823} INFO - Setting next_dagrun for financial_final_prod_v6 to None, run_after=None
[2026-01-27T01:08:33.043+0000] {processor.py:183} INFO - Processing /opt/airflow/dags/financial_dag.py took 0.060 seconds
[2026-01-27T01:09:03.170+0000] {processor.py:161} INFO - Started process (PID=428) to work on /opt/airflow/dags/financial_dag.py
[2026-01-27T01:09:03.171+0000] {processor.py:830} INFO - Processing file /opt/airflow/dags/financial_dag.py for tasks to queue
[2026-01-27T01:09:03.172+0000] {logging_mixin.py:188} INFO - [2026-01-27T01:09:03.172+0000] {dagbag.py:538} INFO - Filling up the DagBag from /opt/airflow/dags/financial_dag.py
[2026-01-27T01:09:03.185+0000] {processor.py:840} INFO - DAG(s) 'financial_final_prod_v6' retrieved from /opt/airflow/dags/financial_dag.py
[2026-01-27T01:09:03.207+0000] {logging_mixin.py:188} INFO - [2026-01-27T01:09:03.207+0000] {dag.py:3036} INFO - Sync 1 DAGs
[2026-01-27T01:09:03.215+0000] {logging_mixin.py:188} INFO - [2026-01-27T01:09:03.215+0000] {dag.py:3823} INFO - Setting next_dagrun for financial_final_prod_v6 to None, run_after=None
[2026-01-27T01:09:03.228+0000] {processor.py:183} INFO - Processing /opt/airflow/dags/financial_dag.py took 0.060 seconds
